---------------------------------------------------------------
[ 2017-09-17T00:47:36+08:00 ] 172.17.48.222 203.208.60.231 GET /single_page?cc=33.html
[ info ] www.gcan.top/single_page?cc=33.html [运行时间：0.024007s][吞吐率：41.65req/s] [内存消耗：2,750.27kb] [文件加载：42]
[ info ] [ LANG ] /www/wwwroot/blog.gcan.top/thinkphp/lang/zh-cn.php
[ info ] [ ROUTE ] array (
  'type' => 'module',
  'module' => 
  array (
    0 => 'index',
    1 => 'index',
    2 => 'single_page',
  ),
)
[ info ] [ HEADER ] array (
  'host' => 'www.gcan.top',
  'connection' => 'Keep-alive',
  'accept' => 'text/html,application/xhtml+xml,application/xml;q=0.9,*/*;q=0.8',
  'from' => 'googlebot(at)googlebot.com',
  'user-agent' => 'Mozilla/5.0 (compatible; Googlebot/2.1; +http://www.google.com/bot.html)',
  'accept-encoding' => 'gzip,deflate,br',
  'content-type' => '',
  'content-length' => '',
)
[ info ] [ PARAM ] array (
  'cc' => '33.html',
)
[ info ] [ RUN ] app\index\controller\Index->single_page[ /www/wwwroot/blog.gcan.top/application/index/controller/Index.php ]
[ info ] [ SESSION ] INIT array (
  'id' => '',
  'var_session_id' => '',
  'prefix' => 'think',
  'type' => '',
  'auto_start' => true,
)
[ info ] [ DB ] INIT mysql
[ info ] [ VIEW ] /www/wwwroot/blog.gcan.top/public/../application/index/view/index/single_page.html [ array (
  0 => 'switch',
  1 => 'account',
  2 => 'access',
  3 => 'recent_article_list',
  4 => 'tag_list',
  5 => 'pc',
  6 => 'article',
) ]
[ info ] [ LOG ] INIT File
[ sql ] [ DB ] CONNECT:[ UseTime:0.000385s ] mysql:dbname=gcan_sql;host=127.0.0.1;port=3306;charset=utf8
[ sql ] [ SQL ] SHOW COLUMNS FROM `gcan_article` [ RunTime:0.000695s ]
[ sql ] [ SQL ] SELECT * FROM `gcan_article` WHERE  `released` = '1' ORDER BY create_time desc LIMIT 4 [ RunTime:0.000421s ]
[ sql ] [ EXPLAIN : array (
  'id' => 1,
  'select_type' => 'SIMPLE',
  'table' => 'gcan_article',
  'partitions' => NULL,
  'type' => 'ALL',
  'possible_keys' => NULL,
  'key' => NULL,
  'key_len' => NULL,
  'ref' => NULL,
  'rows' => 34,
  'filtered' => 10,
  'extra' => 'Using where; Using filesort',
) ]
[ sql ] [ SQL ] SELECT `tag` FROM `gcan_article` [ RunTime:0.000222s ]
[ sql ] [ EXPLAIN : array (
  'id' => 1,
  'select_type' => 'SIMPLE',
  'table' => 'gcan_article',
  'partitions' => NULL,
  'type' => 'ALL',
  'possible_keys' => NULL,
  'key' => NULL,
  'key_len' => NULL,
  'ref' => NULL,
  'rows' => 34,
  'filtered' => 100,
  'extra' => NULL,
) ]
[ sql ] [ SQL ] SELECT * FROM `gcan_article` WHERE  `id` = 33 LIMIT 1 [ RunTime:0.000257s ]
[ sql ] [ EXPLAIN : array (
  'id' => 1,
  'select_type' => 'SIMPLE',
  'table' => 'gcan_article',
  'partitions' => NULL,
  'type' => 'const',
  'possible_keys' => 'PRIMARY',
  'key' => 'PRIMARY',
  'key_len' => '4',
  'ref' => 'const',
  'rows' => 1,
  'filtered' => 100,
  'extra' => NULL,
) ]
[ warn ] SQL:SELECT * FROM `gcan_article` WHERE  `released` = :where_released ORDER BY create_time desc LIMIT 4  [Using where; Using filesort]
---------------------------------------------------------------
[ 2017-09-17T00:49:39+08:00 ] 172.17.48.222 106.11.226.251 GET /
[ info ] www.gcan.top/ [运行时间：0.033243s][吞吐率：30.08req/s] [内存消耗：2,916.48kb] [文件加载：45]
[ info ] [ LANG ] /www/wwwroot/blog.gcan.top/thinkphp/lang/zh-cn.php
[ info ] [ ROUTE ] array (
  'type' => 'module',
  'module' => 
  array (
    0 => '',
    1 => NULL,
    2 => NULL,
  ),
)
[ info ] [ HEADER ] array (
  'accept-encoding' => 'gzip',
  'user-agent' => 'Mozilla/5.0 (iPad; CPU OS 9_1 like Mac OS X) AppleWebKit/601.1.46 (KHTML, like Gecko) Version/9.0 Mobile/13B143 Safari/601.1',
  'cache-control' => 'no-cache',
  'pragma' => 'no-cache',
  'host' => 'www.gcan.top',
  'accept' => 'text/html, image/gif, image/jpeg, *; q=.2, */*; q=.2',
  'connection' => 'keep-alive',
  'content-type' => '',
  'content-length' => '',
)
[ info ] [ PARAM ] array (
)
[ info ] [ RUN ] app\index\controller\Index->index[ /www/wwwroot/blog.gcan.top/application/index/controller/Index.php ]
[ info ] [ SESSION ] INIT array (
  'id' => '',
  'var_session_id' => '',
  'prefix' => 'think',
  'type' => '',
  'auto_start' => true,
)
[ info ] [ DB ] INIT mysql
[ info ] [ VIEW ] /www/wwwroot/blog.gcan.top/public/../application/index/view/index/index.html [ array (
  0 => 'switch',
  1 => 'account',
  2 => 'access',
  3 => 'recent_article_list',
  4 => 'tag_list',
  5 => 'article_list',
) ]
[ info ] [ LOG ] INIT File
[ sql ] [ DB ] CONNECT:[ UseTime:0.000391s ] mysql:dbname=gcan_sql;host=127.0.0.1;port=3306;charset=utf8
[ sql ] [ SQL ] SHOW COLUMNS FROM `gcan_article` [ RunTime:0.000658s ]
[ sql ] [ SQL ] SELECT * FROM `gcan_article` WHERE  `released` = '1' ORDER BY create_time desc LIMIT 4 [ RunTime:0.000412s ]
[ sql ] [ EXPLAIN : array (
  'id' => 1,
  'select_type' => 'SIMPLE',
  'table' => 'gcan_article',
  'partitions' => NULL,
  'type' => 'ALL',
  'possible_keys' => NULL,
  'key' => NULL,
  'key_len' => NULL,
  'ref' => NULL,
  'rows' => 34,
  'filtered' => 10,
  'extra' => 'Using where; Using filesort',
) ]
[ sql ] [ SQL ] SELECT `tag` FROM `gcan_article` [ RunTime:0.000231s ]
[ sql ] [ EXPLAIN : array (
  'id' => 1,
  'select_type' => 'SIMPLE',
  'table' => 'gcan_article',
  'partitions' => NULL,
  'type' => 'ALL',
  'possible_keys' => NULL,
  'key' => NULL,
  'key_len' => NULL,
  'ref' => NULL,
  'rows' => 34,
  'filtered' => 100,
  'extra' => NULL,
) ]
[ sql ] [ SQL ] SELECT COUNT(*) AS tp_count FROM `gcan_article` WHERE  `released` = '1' LIMIT 1 [ RunTime:0.000248s ]
[ sql ] [ EXPLAIN : array (
  'id' => 1,
  'select_type' => 'SIMPLE',
  'table' => 'gcan_article',
  'partitions' => NULL,
  'type' => 'ALL',
  'possible_keys' => NULL,
  'key' => NULL,
  'key_len' => NULL,
  'ref' => NULL,
  'rows' => 34,
  'filtered' => 10,
  'extra' => 'Using where',
) ]
[ sql ] [ SQL ] SELECT * FROM `gcan_article` WHERE  `released` = '1' ORDER BY create_time desc LIMIT 0,8 [ RunTime:0.000321s ]
[ sql ] [ EXPLAIN : array (
  'id' => 1,
  'select_type' => 'SIMPLE',
  'table' => 'gcan_article',
  'partitions' => NULL,
  'type' => 'ALL',
  'possible_keys' => NULL,
  'key' => NULL,
  'key_len' => NULL,
  'ref' => NULL,
  'rows' => 34,
  'filtered' => 10,
  'extra' => 'Using where; Using filesort',
) ]
[ warn ] SQL:SELECT * FROM `gcan_article` WHERE  `released` = :where_released ORDER BY create_time desc LIMIT 4  [Using where; Using filesort]
[ warn ] SQL:SELECT * FROM `gcan_article` WHERE  `released` = :where_released ORDER BY create_time desc LIMIT 0,8  [Using where; Using filesort]
---------------------------------------------------------------
[ 2017-09-17T01:45:47+08:00 ] 172.17.48.222 203.208.60.230 GET /form_validation_states_md.html
[ info ] www.gcan.top/form_validation_states_md.html [运行时间：0.024497s][吞吐率：40.82req/s] [内存消耗：1,819.04kb] [文件加载：37]
[ info ] [ LANG ] /www/wwwroot/blog.gcan.top/thinkphp/lang/zh-cn.php
[ info ] [ ROUTE ] array (
  'type' => 'module',
  'module' => 
  array (
    0 => 'index',
    1 => 'index',
    2 => 'form_validation_states_md',
  ),
)
[ info ] [ HEADER ] array (
  'host' => 'www.gcan.top',
  'connection' => 'Keep-alive',
  'accept' => 'text/html,application/xhtml+xml,application/xml;q=0.9,*/*;q=0.8',
  'from' => 'googlebot(at)googlebot.com',
  'user-agent' => 'Mozilla/5.0 (compatible; Googlebot/2.1; +http://www.google.com/bot.html)',
  'accept-encoding' => 'gzip,deflate,br',
  'content-type' => '',
  'content-length' => '',
)
[ info ] [ PARAM ] array (
)
[ info ] [ LOG ] INIT File
---------------------------------------------------------------
[ 2017-09-17T01:45:47+08:00 ] 172.17.48.222 203.208.60.230 GET /form_validation_states_md.html
[ info ] www.gcan.top/form_validation_states_md.html [运行时间：0.015161s][吞吐率：65.96req/s] [内存消耗：1,819.16kb] [文件加载：37]
[ info ] [ LANG ] /www/wwwroot/blog.gcan.top/thinkphp/lang/zh-cn.php
[ info ] [ ROUTE ] array (
  'type' => 'module',
  'module' => 
  array (
    0 => 'index',
    1 => 'index',
    2 => '404',
  ),
)
[ info ] [ HEADER ] array (
  'host' => 'www.gcan.top',
  'connection' => 'Keep-alive',
  'accept' => 'text/html,application/xhtml+xml,application/xml;q=0.9,*/*;q=0.8',
  'from' => 'googlebot(at)googlebot.com',
  'user-agent' => 'Mozilla/5.0 (compatible; Googlebot/2.1; +http://www.google.com/bot.html)',
  'accept-encoding' => 'gzip,deflate,br',
  'content-type' => '',
  'content-length' => '',
)
[ info ] [ PARAM ] array (
)
[ info ] [ LOG ] INIT File
---------------------------------------------------------------
[ 2017-09-17T02:03:23+08:00 ] 172.17.48.222 203.208.60.231 GET /single_page?cc=30.html
[ info ] www.gcan.top/single_page?cc=30.html [运行时间：0.024942s][吞吐率：40.09req/s] [内存消耗：2,750.38kb] [文件加载：42]
[ info ] [ LANG ] /www/wwwroot/blog.gcan.top/thinkphp/lang/zh-cn.php
[ info ] [ ROUTE ] array (
  'type' => 'module',
  'module' => 
  array (
    0 => 'index',
    1 => 'index',
    2 => 'single_page',
  ),
)
[ info ] [ HEADER ] array (
  'host' => 'www.gcan.top',
  'connection' => 'Keep-alive',
  'accept' => 'text/html,application/xhtml+xml,application/xml;q=0.9,*/*;q=0.8',
  'from' => 'googlebot(at)googlebot.com',
  'user-agent' => 'Mozilla/5.0 (compatible; Googlebot/2.1; +http://www.google.com/bot.html)',
  'accept-encoding' => 'gzip,deflate,br',
  'content-type' => '',
  'content-length' => '',
)
[ info ] [ PARAM ] array (
  'cc' => '30.html',
)
[ info ] [ RUN ] app\index\controller\Index->single_page[ /www/wwwroot/blog.gcan.top/application/index/controller/Index.php ]
[ info ] [ SESSION ] INIT array (
  'id' => '',
  'var_session_id' => '',
  'prefix' => 'think',
  'type' => '',
  'auto_start' => true,
)
[ info ] [ DB ] INIT mysql
[ info ] [ VIEW ] /www/wwwroot/blog.gcan.top/public/../application/index/view/index/single_page.html [ array (
  0 => 'switch',
  1 => 'account',
  2 => 'access',
  3 => 'recent_article_list',
  4 => 'tag_list',
  5 => 'pc',
  6 => 'article',
) ]
[ info ] [ LOG ] INIT File
[ sql ] [ DB ] CONNECT:[ UseTime:0.000413s ] mysql:dbname=gcan_sql;host=127.0.0.1;port=3306;charset=utf8
[ sql ] [ SQL ] SHOW COLUMNS FROM `gcan_article` [ RunTime:0.000662s ]
[ sql ] [ SQL ] SELECT * FROM `gcan_article` WHERE  `released` = '1' ORDER BY create_time desc LIMIT 4 [ RunTime:0.000412s ]
[ sql ] [ EXPLAIN : array (
  'id' => 1,
  'select_type' => 'SIMPLE',
  'table' => 'gcan_article',
  'partitions' => NULL,
  'type' => 'ALL',
  'possible_keys' => NULL,
  'key' => NULL,
  'key_len' => NULL,
  'ref' => NULL,
  'rows' => 34,
  'filtered' => 10,
  'extra' => 'Using where; Using filesort',
) ]
[ sql ] [ SQL ] SELECT `tag` FROM `gcan_article` [ RunTime:0.000210s ]
[ sql ] [ EXPLAIN : array (
  'id' => 1,
  'select_type' => 'SIMPLE',
  'table' => 'gcan_article',
  'partitions' => NULL,
  'type' => 'ALL',
  'possible_keys' => NULL,
  'key' => NULL,
  'key_len' => NULL,
  'ref' => NULL,
  'rows' => 34,
  'filtered' => 100,
  'extra' => NULL,
) ]
[ sql ] [ SQL ] SELECT * FROM `gcan_article` WHERE  `id` = 30 LIMIT 1 [ RunTime:0.000243s ]
[ sql ] [ EXPLAIN : array (
  'id' => 1,
  'select_type' => 'SIMPLE',
  'table' => 'gcan_article',
  'partitions' => NULL,
  'type' => 'const',
  'possible_keys' => 'PRIMARY',
  'key' => 'PRIMARY',
  'key_len' => '4',
  'ref' => 'const',
  'rows' => 1,
  'filtered' => 100,
  'extra' => NULL,
) ]
[ warn ] SQL:SELECT * FROM `gcan_article` WHERE  `released` = :where_released ORDER BY create_time desc LIMIT 4  [Using where; Using filesort]
---------------------------------------------------------------
[ 2017-09-17T03:19:10+08:00 ] 172.17.48.222 203.208.60.232 GET /blog/public/index/index/logout.html
[ info ] www.gcan.top/blog/public/index/index/logout.html [运行时间：0.024744s][吞吐率：40.41req/s] [内存消耗：1,820.12kb] [文件加载：37]
[ info ] [ LANG ] /www/wwwroot/blog.gcan.top/thinkphp/lang/zh-cn.php
[ info ] [ ROUTE ] array (
  'type' => 'module',
  'module' => 
  array (
    0 => 'index',
    1 => 'index',
    2 => 'blog',
  ),
)
[ info ] [ HEADER ] array (
  'host' => 'www.gcan.top',
  'connection' => 'Keep-alive',
  'accept' => 'text/html,application/xhtml+xml,application/xml;q=0.9,*/*;q=0.8',
  'from' => 'googlebot(at)googlebot.com',
  'user-agent' => 'Mozilla/5.0 (compatible; Googlebot/2.1; +http://www.google.com/bot.html)',
  'accept-encoding' => 'gzip,deflate,br',
  'content-type' => '',
  'content-length' => '',
)
[ info ] [ PARAM ] array (
  'public' => 'index',
  'index' => 'logout',
)
[ info ] [ LOG ] INIT File
---------------------------------------------------------------
[ 2017-09-17T03:19:10+08:00 ] 172.17.48.222 203.208.60.232 GET /blog/public/index/index/logout.html
[ info ] www.gcan.top/blog/public/index/index/logout.html [运行时间：0.014924s][吞吐率：67.01req/s] [内存消耗：1,818.98kb] [文件加载：37]
[ info ] [ LANG ] /www/wwwroot/blog.gcan.top/thinkphp/lang/zh-cn.php
[ info ] [ ROUTE ] array (
  'type' => 'module',
  'module' => 
  array (
    0 => 'index',
    1 => 'index',
    2 => '404',
  ),
)
[ info ] [ HEADER ] array (
  'host' => 'www.gcan.top',
  'connection' => 'Keep-alive',
  'accept' => 'text/html,application/xhtml+xml,application/xml;q=0.9,*/*;q=0.8',
  'from' => 'googlebot(at)googlebot.com',
  'user-agent' => 'Mozilla/5.0 (compatible; Googlebot/2.1; +http://www.google.com/bot.html)',
  'accept-encoding' => 'gzip,deflate,br',
  'content-type' => '',
  'content-length' => '',
)
[ info ] [ PARAM ] array (
)
[ info ] [ LOG ] INIT File
---------------------------------------------------------------
[ 2017-09-17T04:09:47+08:00 ] 172.17.48.222 203.208.60.229 GET /table_datatables_responsive.html
[ info ] www.gcan.top/table_datatables_responsive.html [运行时间：0.025880s][吞吐率：38.64req/s] [内存消耗：1,819.20kb] [文件加载：37]
[ info ] [ LANG ] /www/wwwroot/blog.gcan.top/thinkphp/lang/zh-cn.php
[ info ] [ ROUTE ] array (
  'type' => 'module',
  'module' => 
  array (
    0 => 'index',
    1 => 'index',
    2 => 'table_datatables_responsive',
  ),
)
[ info ] [ HEADER ] array (
  'host' => 'www.gcan.top',
  'connection' => 'Keep-alive',
  'accept' => 'text/html,application/xhtml+xml,application/xml;q=0.9,*/*;q=0.8',
  'from' => 'googlebot(at)googlebot.com',
  'user-agent' => 'Mozilla/5.0 (compatible; Googlebot/2.1; +http://www.google.com/bot.html)',
  'accept-encoding' => 'gzip,deflate,br',
  'content-type' => '',
  'content-length' => '',
)
[ info ] [ PARAM ] array (
)
[ info ] [ LOG ] INIT File
---------------------------------------------------------------
[ 2017-09-17T04:09:47+08:00 ] 172.17.48.222 203.208.60.229 GET /table_datatables_responsive.html
[ info ] www.gcan.top/table_datatables_responsive.html [运行时间：0.015951s][吞吐率：62.69req/s] [内存消耗：1,818.97kb] [文件加载：37]
[ info ] [ LANG ] /www/wwwroot/blog.gcan.top/thinkphp/lang/zh-cn.php
[ info ] [ ROUTE ] array (
  'type' => 'module',
  'module' => 
  array (
    0 => 'index',
    1 => 'index',
    2 => '404',
  ),
)
[ info ] [ HEADER ] array (
  'host' => 'www.gcan.top',
  'connection' => 'Keep-alive',
  'accept' => 'text/html,application/xhtml+xml,application/xml;q=0.9,*/*;q=0.8',
  'from' => 'googlebot(at)googlebot.com',
  'user-agent' => 'Mozilla/5.0 (compatible; Googlebot/2.1; +http://www.google.com/bot.html)',
  'accept-encoding' => 'gzip,deflate,br',
  'content-type' => '',
  'content-length' => '',
)
[ info ] [ PARAM ] array (
)
[ info ] [ LOG ] INIT File
---------------------------------------------------------------
[ 2017-09-17T04:34:56+08:00 ] 172.17.48.222 203.208.60.229 GET /index/index/baidu.html?page=4
[ info ] www.gcan.top/index/index/baidu.html?page=4 [运行时间：0.032878s][吞吐率：30.42req/s] [内存消耗：2,921.64kb] [文件加载：45]
[ info ] [ LANG ] /www/wwwroot/blog.gcan.top/thinkphp/lang/zh-cn.php
[ info ] [ ROUTE ] array (
  'type' => 'module',
  'module' => 
  array (
    0 => 'index',
    1 => 'index',
    2 => 'index',
  ),
)
[ info ] [ HEADER ] array (
  'host' => 'www.gcan.top',
  'connection' => 'Keep-alive',
  'accept' => 'text/html,application/xhtml+xml,application/xml;q=0.9,*/*;q=0.8',
  'from' => 'googlebot(at)googlebot.com',
  'user-agent' => 'Mozilla/5.0 (compatible; Googlebot/2.1; +http://www.google.com/bot.html)',
  'accept-encoding' => 'gzip,deflate,br',
  'content-type' => '',
  'content-length' => '',
)
[ info ] [ PARAM ] array (
  'page' => '4',
  'index' => 'baidu',
)
[ info ] [ RUN ] app\index\controller\Index->index[ /www/wwwroot/blog.gcan.top/application/index/controller/Index.php ]
[ info ] [ SESSION ] INIT array (
  'id' => '',
  'var_session_id' => '',
  'prefix' => 'think',
  'type' => '',
  'auto_start' => true,
)
[ info ] [ DB ] INIT mysql
[ info ] [ VIEW ] /www/wwwroot/blog.gcan.top/public/../application/index/view/index/index.html [ array (
  0 => 'switch',
  1 => 'account',
  2 => 'access',
  3 => 'recent_article_list',
  4 => 'tag_list',
  5 => 'article_list',
) ]
[ info ] [ LOG ] INIT File
[ sql ] [ DB ] CONNECT:[ UseTime:0.000421s ] mysql:dbname=gcan_sql;host=127.0.0.1;port=3306;charset=utf8
[ sql ] [ SQL ] SHOW COLUMNS FROM `gcan_article` [ RunTime:0.000702s ]
[ sql ] [ SQL ] SELECT * FROM `gcan_article` WHERE  `released` = '1' ORDER BY create_time desc LIMIT 4 [ RunTime:0.000431s ]
[ sql ] [ EXPLAIN : array (
  'id' => 1,
  'select_type' => 'SIMPLE',
  'table' => 'gcan_article',
  'partitions' => NULL,
  'type' => 'ALL',
  'possible_keys' => NULL,
  'key' => NULL,
  'key_len' => NULL,
  'ref' => NULL,
  'rows' => 34,
  'filtered' => 10,
  'extra' => 'Using where; Using filesort',
) ]
[ sql ] [ SQL ] SELECT `tag` FROM `gcan_article` [ RunTime:0.000225s ]
[ sql ] [ EXPLAIN : array (
  'id' => 1,
  'select_type' => 'SIMPLE',
  'table' => 'gcan_article',
  'partitions' => NULL,
  'type' => 'ALL',
  'possible_keys' => NULL,
  'key' => NULL,
  'key_len' => NULL,
  'ref' => NULL,
  'rows' => 34,
  'filtered' => 100,
  'extra' => NULL,
) ]
[ sql ] [ SQL ] SELECT COUNT(*) AS tp_count FROM `gcan_article` WHERE  `released` = '1' LIMIT 1 [ RunTime:0.000291s ]
[ sql ] [ EXPLAIN : array (
  'id' => 1,
  'select_type' => 'SIMPLE',
  'table' => 'gcan_article',
  'partitions' => NULL,
  'type' => 'ALL',
  'possible_keys' => NULL,
  'key' => NULL,
  'key_len' => NULL,
  'ref' => NULL,
  'rows' => 34,
  'filtered' => 10,
  'extra' => 'Using where',
) ]
[ sql ] [ SQL ] SELECT * FROM `gcan_article` WHERE  `released` = '1' ORDER BY create_time desc LIMIT 24,8 [ RunTime:0.000369s ]
[ sql ] [ EXPLAIN : array (
  'id' => 1,
  'select_type' => 'SIMPLE',
  'table' => 'gcan_article',
  'partitions' => NULL,
  'type' => 'ALL',
  'possible_keys' => NULL,
  'key' => NULL,
  'key_len' => NULL,
  'ref' => NULL,
  'rows' => 34,
  'filtered' => 10,
  'extra' => 'Using where; Using filesort',
) ]
[ warn ] SQL:SELECT * FROM `gcan_article` WHERE  `released` = :where_released ORDER BY create_time desc LIMIT 4  [Using where; Using filesort]
[ warn ] SQL:SELECT * FROM `gcan_article` WHERE  `released` = :where_released ORDER BY create_time desc LIMIT 24,8  [Using where; Using filesort]
---------------------------------------------------------------
[ 2017-09-17T04:49:52+08:00 ] 172.17.48.222 40.77.167.156 GET /
[ info ] www.gcan.top/ [运行时间：0.032571s][吞吐率：30.70req/s] [内存消耗：2,916.40kb] [文件加载：45]
[ info ] [ LANG ] /www/wwwroot/blog.gcan.top/thinkphp/lang/zh-cn.php
[ info ] [ ROUTE ] array (
  'type' => 'module',
  'module' => 
  array (
    0 => '',
    1 => NULL,
    2 => NULL,
  ),
)
[ info ] [ HEADER ] array (
  'cache-control' => 'no-cache',
  'connection' => 'Keep-Alive',
  'pragma' => 'no-cache',
  'accept' => '*/*',
  'accept-encoding' => 'gzip, deflate',
  'from' => 'bingbot(at)microsoft.com',
  'host' => 'www.gcan.top',
  'user-agent' => 'Mozilla/5.0 (compatible; bingbot/2.0; +http://www.bing.com/bingbot.htm)',
  'content-type' => '',
  'content-length' => '',
)
[ info ] [ PARAM ] array (
)
[ info ] [ RUN ] app\index\controller\Index->index[ /www/wwwroot/blog.gcan.top/application/index/controller/Index.php ]
[ info ] [ SESSION ] INIT array (
  'id' => '',
  'var_session_id' => '',
  'prefix' => 'think',
  'type' => '',
  'auto_start' => true,
)
[ info ] [ DB ] INIT mysql
[ info ] [ VIEW ] /www/wwwroot/blog.gcan.top/public/../application/index/view/index/index.html [ array (
  0 => 'switch',
  1 => 'account',
  2 => 'access',
  3 => 'recent_article_list',
  4 => 'tag_list',
  5 => 'article_list',
) ]
[ info ] [ LOG ] INIT File
[ sql ] [ DB ] CONNECT:[ UseTime:0.000410s ] mysql:dbname=gcan_sql;host=127.0.0.1;port=3306;charset=utf8
[ sql ] [ SQL ] SHOW COLUMNS FROM `gcan_article` [ RunTime:0.000698s ]
[ sql ] [ SQL ] SELECT * FROM `gcan_article` WHERE  `released` = '1' ORDER BY create_time desc LIMIT 4 [ RunTime:0.000395s ]
[ sql ] [ EXPLAIN : array (
  'id' => 1,
  'select_type' => 'SIMPLE',
  'table' => 'gcan_article',
  'partitions' => NULL,
  'type' => 'ALL',
  'possible_keys' => NULL,
  'key' => NULL,
  'key_len' => NULL,
  'ref' => NULL,
  'rows' => 34,
  'filtered' => 10,
  'extra' => 'Using where; Using filesort',
) ]
[ sql ] [ SQL ] SELECT `tag` FROM `gcan_article` [ RunTime:0.000236s ]
[ sql ] [ EXPLAIN : array (
  'id' => 1,
  'select_type' => 'SIMPLE',
  'table' => 'gcan_article',
  'partitions' => NULL,
  'type' => 'ALL',
  'possible_keys' => NULL,
  'key' => NULL,
  'key_len' => NULL,
  'ref' => NULL,
  'rows' => 34,
  'filtered' => 100,
  'extra' => NULL,
) ]
[ sql ] [ SQL ] SELECT COUNT(*) AS tp_count FROM `gcan_article` WHERE  `released` = '1' LIMIT 1 [ RunTime:0.000245s ]
[ sql ] [ EXPLAIN : array (
  'id' => 1,
  'select_type' => 'SIMPLE',
  'table' => 'gcan_article',
  'partitions' => NULL,
  'type' => 'ALL',
  'possible_keys' => NULL,
  'key' => NULL,
  'key_len' => NULL,
  'ref' => NULL,
  'rows' => 34,
  'filtered' => 10,
  'extra' => 'Using where',
) ]
[ sql ] [ SQL ] SELECT * FROM `gcan_article` WHERE  `released` = '1' ORDER BY create_time desc LIMIT 0,8 [ RunTime:0.000320s ]
[ sql ] [ EXPLAIN : array (
  'id' => 1,
  'select_type' => 'SIMPLE',
  'table' => 'gcan_article',
  'partitions' => NULL,
  'type' => 'ALL',
  'possible_keys' => NULL,
  'key' => NULL,
  'key_len' => NULL,
  'ref' => NULL,
  'rows' => 34,
  'filtered' => 10,
  'extra' => 'Using where; Using filesort',
) ]
[ warn ] SQL:SELECT * FROM `gcan_article` WHERE  `released` = :where_released ORDER BY create_time desc LIMIT 4  [Using where; Using filesort]
[ warn ] SQL:SELECT * FROM `gcan_article` WHERE  `released` = :where_released ORDER BY create_time desc LIMIT 0,8  [Using where; Using filesort]
---------------------------------------------------------------
[ 2017-09-17T05:50:43+08:00 ] 172.17.48.222 203.208.60.229 GET /index/index/baidu.html?page=7
[ info ] www.gcan.top/index/index/baidu.html?page=7 [运行时间：0.028474s][吞吐率：35.12req/s] [内存消耗：2,901.00kb] [文件加载：45]
[ info ] [ LANG ] /www/wwwroot/blog.gcan.top/thinkphp/lang/zh-cn.php
[ info ] [ ROUTE ] array (
  'type' => 'module',
  'module' => 
  array (
    0 => 'index',
    1 => 'index',
    2 => 'index',
  ),
)
[ info ] [ HEADER ] array (
  'host' => 'www.gcan.top',
  'connection' => 'Keep-alive',
  'accept' => 'text/html,application/xhtml+xml,application/xml;q=0.9,*/*;q=0.8',
  'from' => 'googlebot(at)googlebot.com',
  'user-agent' => 'Mozilla/5.0 (compatible; Googlebot/2.1; +http://www.google.com/bot.html)',
  'accept-encoding' => 'gzip,deflate,br',
  'content-type' => '',
  'content-length' => '',
)
[ info ] [ PARAM ] array (
  'page' => '7',
  'index' => 'baidu',
)
[ info ] [ RUN ] app\index\controller\Index->index[ /www/wwwroot/blog.gcan.top/application/index/controller/Index.php ]
[ info ] [ SESSION ] INIT array (
  'id' => '',
  'var_session_id' => '',
  'prefix' => 'think',
  'type' => '',
  'auto_start' => true,
)
[ info ] [ DB ] INIT mysql
[ info ] [ VIEW ] /www/wwwroot/blog.gcan.top/public/../application/index/view/index/index.html [ array (
  0 => 'switch',
  1 => 'account',
  2 => 'access',
  3 => 'recent_article_list',
  4 => 'tag_list',
  5 => 'article_list',
) ]
[ info ] [ LOG ] INIT File
[ sql ] [ DB ] CONNECT:[ UseTime:0.000363s ] mysql:dbname=gcan_sql;host=127.0.0.1;port=3306;charset=utf8
[ sql ] [ SQL ] SHOW COLUMNS FROM `gcan_article` [ RunTime:0.000673s ]
[ sql ] [ SQL ] SELECT * FROM `gcan_article` WHERE  `released` = '1' ORDER BY create_time desc LIMIT 4 [ RunTime:0.000399s ]
[ sql ] [ EXPLAIN : array (
  'id' => 1,
  'select_type' => 'SIMPLE',
  'table' => 'gcan_article',
  'partitions' => NULL,
  'type' => 'ALL',
  'possible_keys' => NULL,
  'key' => NULL,
  'key_len' => NULL,
  'ref' => NULL,
  'rows' => 34,
  'filtered' => 10,
  'extra' => 'Using where; Using filesort',
) ]
[ sql ] [ SQL ] SELECT `tag` FROM `gcan_article` [ RunTime:0.000212s ]
[ sql ] [ EXPLAIN : array (
  'id' => 1,
  'select_type' => 'SIMPLE',
  'table' => 'gcan_article',
  'partitions' => NULL,
  'type' => 'ALL',
  'possible_keys' => NULL,
  'key' => NULL,
  'key_len' => NULL,
  'ref' => NULL,
  'rows' => 34,
  'filtered' => 100,
  'extra' => NULL,
) ]
[ sql ] [ SQL ] SELECT COUNT(*) AS tp_count FROM `gcan_article` WHERE  `released` = '1' LIMIT 1 [ RunTime:0.000245s ]
[ sql ] [ EXPLAIN : array (
  'id' => 1,
  'select_type' => 'SIMPLE',
  'table' => 'gcan_article',
  'partitions' => NULL,
  'type' => 'ALL',
  'possible_keys' => NULL,
  'key' => NULL,
  'key_len' => NULL,
  'ref' => NULL,
  'rows' => 34,
  'filtered' => 10,
  'extra' => 'Using where',
) ]
[ sql ] [ SQL ] SELECT * FROM `gcan_article` WHERE  `released` = '1' ORDER BY create_time desc LIMIT 48,8 [ RunTime:0.000329s ]
[ sql ] [ EXPLAIN : array (
  'id' => 1,
  'select_type' => 'SIMPLE',
  'table' => 'gcan_article',
  'partitions' => NULL,
  'type' => 'ALL',
  'possible_keys' => NULL,
  'key' => NULL,
  'key_len' => NULL,
  'ref' => NULL,
  'rows' => 34,
  'filtered' => 10,
  'extra' => 'Using where; Using filesort',
) ]
[ warn ] SQL:SELECT * FROM `gcan_article` WHERE  `released` = :where_released ORDER BY create_time desc LIMIT 4  [Using where; Using filesort]
[ warn ] SQL:SELECT * FROM `gcan_article` WHERE  `released` = :where_released ORDER BY create_time desc LIMIT 48,8  [Using where; Using filesort]
---------------------------------------------------------------
[ 2017-09-17T06:33:47+08:00 ] 172.17.48.222 203.208.60.232 GET /ui_bootstrap_growl.html
[ info ] www.gcan.top/ui_bootstrap_growl.html [运行时间：0.025729s][吞吐率：38.87req/s] [内存消耗：1,819.25kb] [文件加载：37]
[ info ] [ LANG ] /www/wwwroot/blog.gcan.top/thinkphp/lang/zh-cn.php
[ info ] [ ROUTE ] array (
  'type' => 'module',
  'module' => 
  array (
    0 => 'index',
    1 => 'index',
    2 => 'ui_bootstrap_growl',
  ),
)
[ info ] [ HEADER ] array (
  'host' => 'www.gcan.top',
  'connection' => 'Keep-alive',
  'accept' => 'text/html,application/xhtml+xml,application/xml;q=0.9,*/*;q=0.8',
  'from' => 'googlebot(at)googlebot.com',
  'user-agent' => 'Mozilla/5.0 (compatible; Googlebot/2.1; +http://www.google.com/bot.html)',
  'accept-encoding' => 'gzip,deflate,br',
  'content-type' => '',
  'content-length' => '',
)
[ info ] [ PARAM ] array (
)
[ info ] [ LOG ] INIT File
---------------------------------------------------------------
[ 2017-09-17T06:33:47+08:00 ] 172.17.48.222 203.208.60.232 GET /ui_bootstrap_growl.html
[ info ] www.gcan.top/ui_bootstrap_growl.html [运行时间：0.015791s][吞吐率：63.33req/s] [内存消耗：1,819.16kb] [文件加载：37]
[ info ] [ LANG ] /www/wwwroot/blog.gcan.top/thinkphp/lang/zh-cn.php
[ info ] [ ROUTE ] array (
  'type' => 'module',
  'module' => 
  array (
    0 => 'index',
    1 => 'index',
    2 => '404',
  ),
)
[ info ] [ HEADER ] array (
  'host' => 'www.gcan.top',
  'connection' => 'Keep-alive',
  'accept' => 'text/html,application/xhtml+xml,application/xml;q=0.9,*/*;q=0.8',
  'from' => 'googlebot(at)googlebot.com',
  'user-agent' => 'Mozilla/5.0 (compatible; Googlebot/2.1; +http://www.google.com/bot.html)',
  'accept-encoding' => 'gzip,deflate,br',
  'content-type' => '',
  'content-length' => '',
)
[ info ] [ PARAM ] array (
)
[ info ] [ LOG ] INIT File
---------------------------------------------------------------
[ 2017-09-17T07:06:30+08:00 ] 172.17.48.222 203.208.60.232 GET /index/index/baidu.html?page=5
[ info ] www.gcan.top/index/index/baidu.html?page=5 [运行时间：0.027884s][吞吐率：35.86req/s] [内存消耗：2,906.28kb] [文件加载：45]
[ info ] [ LANG ] /www/wwwroot/blog.gcan.top/thinkphp/lang/zh-cn.php
[ info ] [ ROUTE ] array (
  'type' => 'module',
  'module' => 
  array (
    0 => 'index',
    1 => 'index',
    2 => 'index',
  ),
)
[ info ] [ HEADER ] array (
  'host' => 'www.gcan.top',
  'connection' => 'Keep-alive',
  'accept' => 'text/html,application/xhtml+xml,application/xml;q=0.9,*/*;q=0.8',
  'from' => 'googlebot(at)googlebot.com',
  'user-agent' => 'Mozilla/5.0 (compatible; Googlebot/2.1; +http://www.google.com/bot.html)',
  'accept-encoding' => 'gzip,deflate,br',
  'content-type' => '',
  'content-length' => '',
)
[ info ] [ PARAM ] array (
  'page' => '5',
  'index' => 'baidu',
)
[ info ] [ RUN ] app\index\controller\Index->index[ /www/wwwroot/blog.gcan.top/application/index/controller/Index.php ]
[ info ] [ SESSION ] INIT array (
  'id' => '',
  'var_session_id' => '',
  'prefix' => 'think',
  'type' => '',
  'auto_start' => true,
)
[ info ] [ DB ] INIT mysql
[ info ] [ VIEW ] /www/wwwroot/blog.gcan.top/public/../application/index/view/index/index.html [ array (
  0 => 'switch',
  1 => 'account',
  2 => 'access',
  3 => 'recent_article_list',
  4 => 'tag_list',
  5 => 'article_list',
) ]
[ info ] [ LOG ] INIT File
[ sql ] [ DB ] CONNECT:[ UseTime:0.000375s ] mysql:dbname=gcan_sql;host=127.0.0.1;port=3306;charset=utf8
[ sql ] [ SQL ] SHOW COLUMNS FROM `gcan_article` [ RunTime:0.000658s ]
[ sql ] [ SQL ] SELECT * FROM `gcan_article` WHERE  `released` = '1' ORDER BY create_time desc LIMIT 4 [ RunTime:0.000413s ]
[ sql ] [ EXPLAIN : array (
  'id' => 1,
  'select_type' => 'SIMPLE',
  'table' => 'gcan_article',
  'partitions' => NULL,
  'type' => 'ALL',
  'possible_keys' => NULL,
  'key' => NULL,
  'key_len' => NULL,
  'ref' => NULL,
  'rows' => 34,
  'filtered' => 10,
  'extra' => 'Using where; Using filesort',
) ]
[ sql ] [ SQL ] SELECT `tag` FROM `gcan_article` [ RunTime:0.000237s ]
[ sql ] [ EXPLAIN : array (
  'id' => 1,
  'select_type' => 'SIMPLE',
  'table' => 'gcan_article',
  'partitions' => NULL,
  'type' => 'ALL',
  'possible_keys' => NULL,
  'key' => NULL,
  'key_len' => NULL,
  'ref' => NULL,
  'rows' => 34,
  'filtered' => 100,
  'extra' => NULL,
) ]
[ sql ] [ SQL ] SELECT COUNT(*) AS tp_count FROM `gcan_article` WHERE  `released` = '1' LIMIT 1 [ RunTime:0.000274s ]
[ sql ] [ EXPLAIN : array (
  'id' => 1,
  'select_type' => 'SIMPLE',
  'table' => 'gcan_article',
  'partitions' => NULL,
  'type' => 'ALL',
  'possible_keys' => NULL,
  'key' => NULL,
  'key_len' => NULL,
  'ref' => NULL,
  'rows' => 34,
  'filtered' => 10,
  'extra' => 'Using where',
) ]
[ sql ] [ SQL ] SELECT * FROM `gcan_article` WHERE  `released` = '1' ORDER BY create_time desc LIMIT 32,8 [ RunTime:0.000342s ]
[ sql ] [ EXPLAIN : array (
  'id' => 1,
  'select_type' => 'SIMPLE',
  'table' => 'gcan_article',
  'partitions' => NULL,
  'type' => 'ALL',
  'possible_keys' => NULL,
  'key' => NULL,
  'key_len' => NULL,
  'ref' => NULL,
  'rows' => 34,
  'filtered' => 10,
  'extra' => 'Using where; Using filesort',
) ]
[ warn ] SQL:SELECT * FROM `gcan_article` WHERE  `released` = :where_released ORDER BY create_time desc LIMIT 4  [Using where; Using filesort]
[ warn ] SQL:SELECT * FROM `gcan_article` WHERE  `released` = :where_released ORDER BY create_time desc LIMIT 32,8  [Using where; Using filesort]
---------------------------------------------------------------
[ 2017-09-17T07:31:51+08:00 ] 172.17.48.222 202.108.211.56 GET /
[ info ] www.gcan.top/ [运行时间：0.032728s][吞吐率：30.55req/s] [内存消耗：2,916.91kb] [文件加载：45]
[ info ] [ LANG ] /www/wwwroot/blog.gcan.top/thinkphp/lang/zh-cn.php
[ info ] [ ROUTE ] array (
  'type' => 'module',
  'module' => 
  array (
    0 => '',
    1 => NULL,
    2 => NULL,
  ),
)
[ info ] [ HEADER ] array (
  'user-agent' => 'Mozilla/5.0 (X11; Linux x86_64) AppleWebKit/535.21 (KHTML, like Gecko) Chrome/19.0.1042.0 Safari/535.21',
  'accept' => 'text/html,application/xhtml+xml,application/xml;q=0.9,image/webp,*/*;q=0.8',
  'accept-encoding' => 'gzip, deflate, sdch',
  'accept-language' => 'zh-CN,zh;q=0.8,en-US;q=0.6,en;q=0.4',
  'cache-control' => 'no-cache',
  'pragma' => 'no-cache',
  'upgrade-insecure-requests' => '1',
  'host' => 'www.gcan.top',
  'connection' => 'keep-alive',
  'content-type' => '',
  'content-length' => '',
)
[ info ] [ PARAM ] array (
)
[ info ] [ RUN ] app\index\controller\Index->index[ /www/wwwroot/blog.gcan.top/application/index/controller/Index.php ]
[ info ] [ SESSION ] INIT array (
  'id' => '',
  'var_session_id' => '',
  'prefix' => 'think',
  'type' => '',
  'auto_start' => true,
)
[ info ] [ DB ] INIT mysql
[ info ] [ VIEW ] /www/wwwroot/blog.gcan.top/public/../application/index/view/index/index.html [ array (
  0 => 'switch',
  1 => 'account',
  2 => 'access',
  3 => 'recent_article_list',
  4 => 'tag_list',
  5 => 'article_list',
) ]
[ info ] [ LOG ] INIT File
[ sql ] [ DB ] CONNECT:[ UseTime:0.000408s ] mysql:dbname=gcan_sql;host=127.0.0.1;port=3306;charset=utf8
[ sql ] [ SQL ] SHOW COLUMNS FROM `gcan_article` [ RunTime:0.000689s ]
[ sql ] [ SQL ] SELECT * FROM `gcan_article` WHERE  `released` = '1' ORDER BY create_time desc LIMIT 4 [ RunTime:0.000399s ]
[ sql ] [ EXPLAIN : array (
  'id' => 1,
  'select_type' => 'SIMPLE',
  'table' => 'gcan_article',
  'partitions' => NULL,
  'type' => 'ALL',
  'possible_keys' => NULL,
  'key' => NULL,
  'key_len' => NULL,
  'ref' => NULL,
  'rows' => 34,
  'filtered' => 10,
  'extra' => 'Using where; Using filesort',
) ]
[ sql ] [ SQL ] SELECT `tag` FROM `gcan_article` [ RunTime:0.000220s ]
[ sql ] [ EXPLAIN : array (
  'id' => 1,
  'select_type' => 'SIMPLE',
  'table' => 'gcan_article',
  'partitions' => NULL,
  'type' => 'ALL',
  'possible_keys' => NULL,
  'key' => NULL,
  'key_len' => NULL,
  'ref' => NULL,
  'rows' => 34,
  'filtered' => 100,
  'extra' => NULL,
) ]
[ sql ] [ SQL ] SELECT COUNT(*) AS tp_count FROM `gcan_article` WHERE  `released` = '1' LIMIT 1 [ RunTime:0.000265s ]
[ sql ] [ EXPLAIN : array (
  'id' => 1,
  'select_type' => 'SIMPLE',
  'table' => 'gcan_article',
  'partitions' => NULL,
  'type' => 'ALL',
  'possible_keys' => NULL,
  'key' => NULL,
  'key_len' => NULL,
  'ref' => NULL,
  'rows' => 34,
  'filtered' => 10,
  'extra' => 'Using where',
) ]
[ sql ] [ SQL ] SELECT * FROM `gcan_article` WHERE  `released` = '1' ORDER BY create_time desc LIMIT 0,8 [ RunTime:0.000330s ]
[ sql ] [ EXPLAIN : array (
  'id' => 1,
  'select_type' => 'SIMPLE',
  'table' => 'gcan_article',
  'partitions' => NULL,
  'type' => 'ALL',
  'possible_keys' => NULL,
  'key' => NULL,
  'key_len' => NULL,
  'ref' => NULL,
  'rows' => 34,
  'filtered' => 10,
  'extra' => 'Using where; Using filesort',
) ]
[ warn ] SQL:SELECT * FROM `gcan_article` WHERE  `released` = :where_released ORDER BY create_time desc LIMIT 4  [Using where; Using filesort]
[ warn ] SQL:SELECT * FROM `gcan_article` WHERE  `released` = :where_released ORDER BY create_time desc LIMIT 0,8  [Using where; Using filesort]
---------------------------------------------------------------
[ 2017-09-17T08:22:17+08:00 ] 172.17.48.222 203.208.60.232 GET /tag?tag=egg
[ info ] www.gcan.top/tag?tag=egg [运行时间：0.028201s][吞吐率：35.46req/s] [内存消耗：2,904.33kb] [文件加载：45]
[ info ] [ LANG ] /www/wwwroot/blog.gcan.top/thinkphp/lang/zh-cn.php
[ info ] [ ROUTE ] array (
  'type' => 'module',
  'module' => 
  array (
    0 => 'index',
    1 => 'index',
    2 => 'tag',
  ),
)
[ info ] [ HEADER ] array (
  'host' => 'www.gcan.top',
  'connection' => 'Keep-alive',
  'accept' => 'text/html,application/xhtml+xml,application/xml;q=0.9,*/*;q=0.8',
  'from' => 'googlebot(at)googlebot.com',
  'user-agent' => 'Mozilla/5.0 (compatible; Googlebot/2.1; +http://www.google.com/bot.html)',
  'accept-encoding' => 'gzip,deflate,br',
  'content-type' => '',
  'content-length' => '',
)
[ info ] [ PARAM ] array (
  'tag' => 'egg',
)
[ info ] [ RUN ] app\index\controller\Index->tag[ /www/wwwroot/blog.gcan.top/application/index/controller/Index.php ]
[ info ] [ SESSION ] INIT array (
  'id' => '',
  'var_session_id' => '',
  'prefix' => 'think',
  'type' => '',
  'auto_start' => true,
)
[ info ] [ DB ] INIT mysql
[ info ] [ VIEW ] /www/wwwroot/blog.gcan.top/public/../application/index/view/index/tag.html [ array (
  0 => 'switch',
  1 => 'account',
  2 => 'access',
  3 => 'recent_article_list',
  4 => 'tag_list',
  5 => 'article_list',
  6 => 'tag',
) ]
[ info ] [ LOG ] INIT File
[ sql ] [ DB ] CONNECT:[ UseTime:0.000409s ] mysql:dbname=gcan_sql;host=127.0.0.1;port=3306;charset=utf8
[ sql ] [ SQL ] SHOW COLUMNS FROM `gcan_article` [ RunTime:0.000703s ]
[ sql ] [ SQL ] SELECT * FROM `gcan_article` WHERE  `released` = '1' ORDER BY create_time desc LIMIT 4 [ RunTime:0.000416s ]
[ sql ] [ EXPLAIN : array (
  'id' => 1,
  'select_type' => 'SIMPLE',
  'table' => 'gcan_article',
  'partitions' => NULL,
  'type' => 'ALL',
  'possible_keys' => NULL,
  'key' => NULL,
  'key_len' => NULL,
  'ref' => NULL,
  'rows' => 34,
  'filtered' => 10,
  'extra' => 'Using where; Using filesort',
) ]
[ sql ] [ SQL ] SELECT `tag` FROM `gcan_article` [ RunTime:0.000227s ]
[ sql ] [ EXPLAIN : array (
  'id' => 1,
  'select_type' => 'SIMPLE',
  'table' => 'gcan_article',
  'partitions' => NULL,
  'type' => 'ALL',
  'possible_keys' => NULL,
  'key' => NULL,
  'key_len' => NULL,
  'ref' => NULL,
  'rows' => 34,
  'filtered' => 100,
  'extra' => NULL,
) ]
[ sql ] [ SQL ] SELECT COUNT(*) AS tp_count FROM `gcan_article` WHERE  `tag` LIKE '%egg%'  AND `released` LIKE '1' LIMIT 1 [ RunTime:0.000309s ]
[ sql ] [ EXPLAIN : array (
  'id' => 1,
  'select_type' => 'SIMPLE',
  'table' => 'gcan_article',
  'partitions' => NULL,
  'type' => 'ALL',
  'possible_keys' => NULL,
  'key' => NULL,
  'key_len' => NULL,
  'ref' => NULL,
  'rows' => 34,
  'filtered' => 2.9411764144897461,
  'extra' => 'Using where',
) ]
[ sql ] [ SQL ] SELECT * FROM `gcan_article` WHERE  `tag` LIKE '%egg%'  AND `released` LIKE '1' ORDER BY create_time desc LIMIT 0,5 [ RunTime:0.000298s ]
[ sql ] [ EXPLAIN : array (
  'id' => 1,
  'select_type' => 'SIMPLE',
  'table' => 'gcan_article',
  'partitions' => NULL,
  'type' => 'ALL',
  'possible_keys' => NULL,
  'key' => NULL,
  'key_len' => NULL,
  'ref' => NULL,
  'rows' => 34,
  'filtered' => 2.9411764144897461,
  'extra' => 'Using where; Using filesort',
) ]
[ warn ] SQL:SELECT * FROM `gcan_article` WHERE  `released` = :where_released ORDER BY create_time desc LIMIT 4  [Using where; Using filesort]
[ warn ] SQL:SELECT * FROM `gcan_article` WHERE  `tag` LIKE :where_tag  AND `released` LIKE :where_released ORDER BY create_time desc LIMIT 0,5  [Using where; Using filesort]
---------------------------------------------------------------
[ 2017-09-17T08:57:49+08:00 ] 172.17.48.222 203.208.60.230 GET /page_general_pricing.html
[ info ] www.gcan.top/page_general_pricing.html [运行时间：0.024391s][吞吐率：41.00req/s] [内存消耗：1,819.34kb] [文件加载：37]
[ info ] [ LANG ] /www/wwwroot/blog.gcan.top/thinkphp/lang/zh-cn.php
[ info ] [ ROUTE ] array (
  'type' => 'module',
  'module' => 
  array (
    0 => 'index',
    1 => 'index',
    2 => 'page_general_pricing',
  ),
)
[ info ] [ HEADER ] array (
  'host' => 'www.gcan.top',
  'connection' => 'Keep-alive',
  'accept' => 'text/html,application/xhtml+xml,application/xml;q=0.9,*/*;q=0.8',
  'from' => 'googlebot(at)googlebot.com',
  'user-agent' => 'Mozilla/5.0 (compatible; Googlebot/2.1; +http://www.google.com/bot.html)',
  'accept-encoding' => 'gzip,deflate,br',
  'content-type' => '',
  'content-length' => '',
)
[ info ] [ PARAM ] array (
)
[ info ] [ LOG ] INIT File
---------------------------------------------------------------
[ 2017-09-17T08:57:49+08:00 ] 172.17.48.222 203.208.60.230 GET /page_general_pricing.html
[ info ] www.gcan.top/page_general_pricing.html [运行时间：0.014885s][吞吐率：67.18req/s] [内存消耗：1,819.16kb] [文件加载：37]
[ info ] [ LANG ] /www/wwwroot/blog.gcan.top/thinkphp/lang/zh-cn.php
[ info ] [ ROUTE ] array (
  'type' => 'module',
  'module' => 
  array (
    0 => 'index',
    1 => 'index',
    2 => '404',
  ),
)
[ info ] [ HEADER ] array (
  'host' => 'www.gcan.top',
  'connection' => 'Keep-alive',
  'accept' => 'text/html,application/xhtml+xml,application/xml;q=0.9,*/*;q=0.8',
  'from' => 'googlebot(at)googlebot.com',
  'user-agent' => 'Mozilla/5.0 (compatible; Googlebot/2.1; +http://www.google.com/bot.html)',
  'accept-encoding' => 'gzip,deflate,br',
  'content-type' => '',
  'content-length' => '',
)
[ info ] [ PARAM ] array (
)
[ info ] [ LOG ] INIT File
---------------------------------------------------------------
[ 2017-09-17T09:38:04+08:00 ] 172.17.48.222 203.208.60.229 GET /charts_amcharts.html
[ info ] www.gcan.top/charts_amcharts.html [运行时间：0.024059s][吞吐率：41.56req/s] [内存消耗：1,819.36kb] [文件加载：37]
[ info ] [ LANG ] /www/wwwroot/blog.gcan.top/thinkphp/lang/zh-cn.php
[ info ] [ ROUTE ] array (
  'type' => 'module',
  'module' => 
  array (
    0 => 'index',
    1 => 'index',
    2 => 'charts_amcharts',
  ),
)
[ info ] [ HEADER ] array (
  'host' => 'www.gcan.top',
  'connection' => 'Keep-alive',
  'accept' => 'text/html,application/xhtml+xml,application/xml;q=0.9,*/*;q=0.8',
  'from' => 'googlebot(at)googlebot.com',
  'user-agent' => 'Mozilla/5.0 (compatible; Googlebot/2.1; +http://www.google.com/bot.html)',
  'accept-encoding' => 'gzip,deflate,br',
  'content-type' => '',
  'content-length' => '',
)
[ info ] [ PARAM ] array (
)
[ info ] [ LOG ] INIT File
---------------------------------------------------------------
[ 2017-09-17T09:38:04+08:00 ] 172.17.48.222 203.208.60.229 GET /charts_amcharts.html
[ info ] www.gcan.top/charts_amcharts.html [运行时间：0.014945s][吞吐率：66.91req/s] [内存消耗：1,819.02kb] [文件加载：37]
[ info ] [ LANG ] /www/wwwroot/blog.gcan.top/thinkphp/lang/zh-cn.php
[ info ] [ ROUTE ] array (
  'type' => 'module',
  'module' => 
  array (
    0 => 'index',
    1 => 'index',
    2 => '404',
  ),
)
[ info ] [ HEADER ] array (
  'host' => 'www.gcan.top',
  'connection' => 'Keep-alive',
  'accept' => 'text/html,application/xhtml+xml,application/xml;q=0.9,*/*;q=0.8',
  'from' => 'googlebot(at)googlebot.com',
  'user-agent' => 'Mozilla/5.0 (compatible; Googlebot/2.1; +http://www.google.com/bot.html)',
  'accept-encoding' => 'gzip,deflate,br',
  'content-type' => '',
  'content-length' => '',
)
[ info ] [ PARAM ] array (
)
[ info ] [ LOG ] INIT File
---------------------------------------------------------------
[ 2017-09-17T10:08:00+08:00 ] 172.17.48.222 140.205.205.3 GET /
[ info ] www.gcan.top/ [运行时间：0.032076s][吞吐率：31.18req/s] [内存消耗：2,916.18kb] [文件加载：45]
[ info ] [ LANG ] /www/wwwroot/blog.gcan.top/thinkphp/lang/zh-cn.php
[ info ] [ ROUTE ] array (
  'type' => 'module',
  'module' => 
  array (
    0 => '',
    1 => NULL,
    2 => NULL,
  ),
)
[ info ] [ HEADER ] array (
  'host' => 'www.gcan.top',
  'accept-language' => 'en',
  'accept-encoding' => 'gzip,deflate',
  'accept' => 'text/html,application/xhtml+xml,application/xml;q=0.9,*/*;q=0.8',
  'user-agent' => 'Mozilla/5.0 (X11; Linux i686; U;) Gecko/20070322 Kazehakase/0.4.5',
  'content-type' => '',
  'content-length' => '',
)
[ info ] [ PARAM ] array (
)
[ info ] [ RUN ] app\index\controller\Index->index[ /www/wwwroot/blog.gcan.top/application/index/controller/Index.php ]
[ info ] [ SESSION ] INIT array (
  'id' => '',
  'var_session_id' => '',
  'prefix' => 'think',
  'type' => '',
  'auto_start' => true,
)
[ info ] [ DB ] INIT mysql
[ info ] [ VIEW ] /www/wwwroot/blog.gcan.top/public/../application/index/view/index/index.html [ array (
  0 => 'switch',
  1 => 'account',
  2 => 'access',
  3 => 'recent_article_list',
  4 => 'tag_list',
  5 => 'article_list',
) ]
[ info ] [ LOG ] INIT File
[ sql ] [ DB ] CONNECT:[ UseTime:0.000373s ] mysql:dbname=gcan_sql;host=127.0.0.1;port=3306;charset=utf8
[ sql ] [ SQL ] SHOW COLUMNS FROM `gcan_article` [ RunTime:0.000675s ]
[ sql ] [ SQL ] SELECT * FROM `gcan_article` WHERE  `released` = '1' ORDER BY create_time desc LIMIT 4 [ RunTime:0.000408s ]
[ sql ] [ EXPLAIN : array (
  'id' => 1,
  'select_type' => 'SIMPLE',
  'table' => 'gcan_article',
  'partitions' => NULL,
  'type' => 'ALL',
  'possible_keys' => NULL,
  'key' => NULL,
  'key_len' => NULL,
  'ref' => NULL,
  'rows' => 34,
  'filtered' => 10,
  'extra' => 'Using where; Using filesort',
) ]
[ sql ] [ SQL ] SELECT `tag` FROM `gcan_article` [ RunTime:0.000210s ]
[ sql ] [ EXPLAIN : array (
  'id' => 1,
  'select_type' => 'SIMPLE',
  'table' => 'gcan_article',
  'partitions' => NULL,
  'type' => 'ALL',
  'possible_keys' => NULL,
  'key' => NULL,
  'key_len' => NULL,
  'ref' => NULL,
  'rows' => 34,
  'filtered' => 100,
  'extra' => NULL,
) ]
[ sql ] [ SQL ] SELECT COUNT(*) AS tp_count FROM `gcan_article` WHERE  `released` = '1' LIMIT 1 [ RunTime:0.000271s ]
[ sql ] [ EXPLAIN : array (
  'id' => 1,
  'select_type' => 'SIMPLE',
  'table' => 'gcan_article',
  'partitions' => NULL,
  'type' => 'ALL',
  'possible_keys' => NULL,
  'key' => NULL,
  'key_len' => NULL,
  'ref' => NULL,
  'rows' => 34,
  'filtered' => 10,
  'extra' => 'Using where',
) ]
[ sql ] [ SQL ] SELECT * FROM `gcan_article` WHERE  `released` = '1' ORDER BY create_time desc LIMIT 0,8 [ RunTime:0.000294s ]
[ sql ] [ EXPLAIN : array (
  'id' => 1,
  'select_type' => 'SIMPLE',
  'table' => 'gcan_article',
  'partitions' => NULL,
  'type' => 'ALL',
  'possible_keys' => NULL,
  'key' => NULL,
  'key_len' => NULL,
  'ref' => NULL,
  'rows' => 34,
  'filtered' => 10,
  'extra' => 'Using where; Using filesort',
) ]
[ warn ] SQL:SELECT * FROM `gcan_article` WHERE  `released` = :where_released ORDER BY create_time desc LIMIT 4  [Using where; Using filesort]
[ warn ] SQL:SELECT * FROM `gcan_article` WHERE  `released` = :where_released ORDER BY create_time desc LIMIT 0,8  [Using where; Using filesort]
---------------------------------------------------------------
[ 2017-09-17T10:53:51+08:00 ] 172.17.48.222 203.208.60.228 GET /charts_highmaps.html
[ info ] www.gcan.top/charts_highmaps.html [运行时间：0.028940s][吞吐率：34.55req/s] [内存消耗：1,819.36kb] [文件加载：37]
[ info ] [ LANG ] /www/wwwroot/blog.gcan.top/thinkphp/lang/zh-cn.php
[ info ] [ ROUTE ] array (
  'type' => 'module',
  'module' => 
  array (
    0 => 'index',
    1 => 'index',
    2 => 'charts_highmaps',
  ),
)
[ info ] [ HEADER ] array (
  'host' => 'www.gcan.top',
  'connection' => 'Keep-alive',
  'accept' => 'text/html,application/xhtml+xml,application/xml;q=0.9,*/*;q=0.8',
  'from' => 'googlebot(at)googlebot.com',
  'user-agent' => 'Mozilla/5.0 (compatible; Googlebot/2.1; +http://www.google.com/bot.html)',
  'accept-encoding' => 'gzip,deflate,br',
  'content-type' => '',
  'content-length' => '',
)
[ info ] [ PARAM ] array (
)
[ info ] [ LOG ] INIT File
---------------------------------------------------------------
[ 2017-09-17T10:53:51+08:00 ] 172.17.48.222 203.208.60.228 GET /charts_highmaps.html
[ info ] www.gcan.top/charts_highmaps.html [运行时间：0.015232s][吞吐率：65.65req/s] [内存消耗：1,819.02kb] [文件加载：37]
[ info ] [ LANG ] /www/wwwroot/blog.gcan.top/thinkphp/lang/zh-cn.php
[ info ] [ ROUTE ] array (
  'type' => 'module',
  'module' => 
  array (
    0 => 'index',
    1 => 'index',
    2 => '404',
  ),
)
[ info ] [ HEADER ] array (
  'host' => 'www.gcan.top',
  'connection' => 'Keep-alive',
  'accept' => 'text/html,application/xhtml+xml,application/xml;q=0.9,*/*;q=0.8',
  'from' => 'googlebot(at)googlebot.com',
  'user-agent' => 'Mozilla/5.0 (compatible; Googlebot/2.1; +http://www.google.com/bot.html)',
  'accept-encoding' => 'gzip,deflate,br',
  'content-type' => '',
  'content-length' => '',
)
[ info ] [ PARAM ] array (
)
[ info ] [ LOG ] INIT File
---------------------------------------------------------------
[ 2017-09-17T11:21:47+08:00 ] 172.17.48.222 203.208.60.231 GET /table_datatables_rowreorder.html
[ info ] www.gcan.top/table_datatables_rowreorder.html [运行时间：0.024653s][吞吐率：40.56req/s] [内存消耗：1,819.20kb] [文件加载：37]
[ info ] [ LANG ] /www/wwwroot/blog.gcan.top/thinkphp/lang/zh-cn.php
[ info ] [ ROUTE ] array (
  'type' => 'module',
  'module' => 
  array (
    0 => 'index',
    1 => 'index',
    2 => 'table_datatables_rowreorder',
  ),
)
[ info ] [ HEADER ] array (
  'host' => 'www.gcan.top',
  'connection' => 'Keep-alive',
  'accept' => 'text/html,application/xhtml+xml,application/xml;q=0.9,*/*;q=0.8',
  'from' => 'googlebot(at)googlebot.com',
  'user-agent' => 'Mozilla/5.0 (compatible; Googlebot/2.1; +http://www.google.com/bot.html)',
  'accept-encoding' => 'gzip,deflate,br',
  'content-type' => '',
  'content-length' => '',
)
[ info ] [ PARAM ] array (
)
[ info ] [ LOG ] INIT File
---------------------------------------------------------------
[ 2017-09-17T11:21:47+08:00 ] 172.17.48.222 203.208.60.231 GET /table_datatables_rowreorder.html
[ info ] www.gcan.top/table_datatables_rowreorder.html [运行时间：0.014913s][吞吐率：67.06req/s] [内存消耗：1,818.97kb] [文件加载：37]
[ info ] [ LANG ] /www/wwwroot/blog.gcan.top/thinkphp/lang/zh-cn.php
[ info ] [ ROUTE ] array (
  'type' => 'module',
  'module' => 
  array (
    0 => 'index',
    1 => 'index',
    2 => '404',
  ),
)
[ info ] [ HEADER ] array (
  'host' => 'www.gcan.top',
  'connection' => 'Keep-alive',
  'accept' => 'text/html,application/xhtml+xml,application/xml;q=0.9,*/*;q=0.8',
  'from' => 'googlebot(at)googlebot.com',
  'user-agent' => 'Mozilla/5.0 (compatible; Googlebot/2.1; +http://www.google.com/bot.html)',
  'accept-encoding' => 'gzip,deflate,br',
  'content-type' => '',
  'content-length' => '',
)
[ info ] [ PARAM ] array (
)
[ info ] [ LOG ] INIT File
---------------------------------------------------------------
[ 2017-09-17T13:15:48+08:00 ] 172.17.48.222 140.205.205.9 GET /
[ info ] www.gcan.top/ [运行时间：0.031570s][吞吐率：31.68req/s] [内存消耗：2,916.05kb] [文件加载：45]
[ info ] [ LANG ] /www/wwwroot/blog.gcan.top/thinkphp/lang/zh-cn.php
[ info ] [ ROUTE ] array (
  'type' => 'module',
  'module' => 
  array (
    0 => '',
    1 => NULL,
    2 => NULL,
  ),
)
[ info ] [ HEADER ] array (
  'host' => 'www.gcan.top',
  'accept-language' => 'en',
  'accept-encoding' => 'gzip,deflate',
  'accept' => 'text/html,application/xhtml+xml,application/xml;q=0.9,*/*;q=0.8',
  'user-agent' => 'Mozilla/5.0 (X11; U; Linux i686; en-US; rv:1.9.0.8) Gecko Fedora/1.9.0.8-1.fc10 Kazehakase/0.5.6',
  'content-type' => '',
  'content-length' => '',
)
[ info ] [ PARAM ] array (
)
[ info ] [ RUN ] app\index\controller\Index->index[ /www/wwwroot/blog.gcan.top/application/index/controller/Index.php ]
[ info ] [ SESSION ] INIT array (
  'id' => '',
  'var_session_id' => '',
  'prefix' => 'think',
  'type' => '',
  'auto_start' => true,
)
[ info ] [ DB ] INIT mysql
[ info ] [ VIEW ] /www/wwwroot/blog.gcan.top/public/../application/index/view/index/index.html [ array (
  0 => 'switch',
  1 => 'account',
  2 => 'access',
  3 => 'recent_article_list',
  4 => 'tag_list',
  5 => 'article_list',
) ]
[ info ] [ LOG ] INIT File
[ sql ] [ DB ] CONNECT:[ UseTime:0.000399s ] mysql:dbname=gcan_sql;host=127.0.0.1;port=3306;charset=utf8
[ sql ] [ SQL ] SHOW COLUMNS FROM `gcan_article` [ RunTime:0.000661s ]
[ sql ] [ SQL ] SELECT * FROM `gcan_article` WHERE  `released` = '1' ORDER BY create_time desc LIMIT 4 [ RunTime:0.000402s ]
[ sql ] [ EXPLAIN : array (
  'id' => 1,
  'select_type' => 'SIMPLE',
  'table' => 'gcan_article',
  'partitions' => NULL,
  'type' => 'ALL',
  'possible_keys' => NULL,
  'key' => NULL,
  'key_len' => NULL,
  'ref' => NULL,
  'rows' => 34,
  'filtered' => 10,
  'extra' => 'Using where; Using filesort',
) ]
[ sql ] [ SQL ] SELECT `tag` FROM `gcan_article` [ RunTime:0.000222s ]
[ sql ] [ EXPLAIN : array (
  'id' => 1,
  'select_type' => 'SIMPLE',
  'table' => 'gcan_article',
  'partitions' => NULL,
  'type' => 'ALL',
  'possible_keys' => NULL,
  'key' => NULL,
  'key_len' => NULL,
  'ref' => NULL,
  'rows' => 34,
  'filtered' => 100,
  'extra' => NULL,
) ]
[ sql ] [ SQL ] SELECT COUNT(*) AS tp_count FROM `gcan_article` WHERE  `released` = '1' LIMIT 1 [ RunTime:0.000270s ]
[ sql ] [ EXPLAIN : array (
  'id' => 1,
  'select_type' => 'SIMPLE',
  'table' => 'gcan_article',
  'partitions' => NULL,
  'type' => 'ALL',
  'possible_keys' => NULL,
  'key' => NULL,
  'key_len' => NULL,
  'ref' => NULL,
  'rows' => 34,
  'filtered' => 10,
  'extra' => 'Using where',
) ]
[ sql ] [ SQL ] SELECT * FROM `gcan_article` WHERE  `released` = '1' ORDER BY create_time desc LIMIT 0,8 [ RunTime:0.000309s ]
[ sql ] [ EXPLAIN : array (
  'id' => 1,
  'select_type' => 'SIMPLE',
  'table' => 'gcan_article',
  'partitions' => NULL,
  'type' => 'ALL',
  'possible_keys' => NULL,
  'key' => NULL,
  'key_len' => NULL,
  'ref' => NULL,
  'rows' => 34,
  'filtered' => 10,
  'extra' => 'Using where; Using filesort',
) ]
[ warn ] SQL:SELECT * FROM `gcan_article` WHERE  `released` = :where_released ORDER BY create_time desc LIMIT 4  [Using where; Using filesort]
[ warn ] SQL:SELECT * FROM `gcan_article` WHERE  `released` = :where_released ORDER BY create_time desc LIMIT 0,8  [Using where; Using filesort]
---------------------------------------------------------------
[ 2017-09-17T13:18:45+08:00 ] 172.17.48.222 61.135.165.8 GET /
[ info ] www.gcan.top/ [运行时间：0.031985s][吞吐率：31.26req/s] [内存消耗：2,915.90kb] [文件加载：45]
[ info ] [ LANG ] /www/wwwroot/blog.gcan.top/thinkphp/lang/zh-cn.php
[ info ] [ ROUTE ] array (
  'type' => 'module',
  'module' => 
  array (
    0 => '',
    1 => NULL,
    2 => NULL,
  ),
)
[ info ] [ HEADER ] array (
  'user-agent' => 'Mozilla/5.0 (Macintosh; Intel Mac OS X 10_11_2) AppleWebKit/537.36 (KHTML, like Gecko) Chrome/47.0.2526.80 Safari/537.36',
  'host' => 'www.gcan.top',
  'connection' => 'close',
  'content-type' => '',
  'content-length' => '',
)
[ info ] [ PARAM ] array (
)
[ info ] [ RUN ] app\index\controller\Index->index[ /www/wwwroot/blog.gcan.top/application/index/controller/Index.php ]
[ info ] [ SESSION ] INIT array (
  'id' => '',
  'var_session_id' => '',
  'prefix' => 'think',
  'type' => '',
  'auto_start' => true,
)
[ info ] [ DB ] INIT mysql
[ info ] [ VIEW ] /www/wwwroot/blog.gcan.top/public/../application/index/view/index/index.html [ array (
  0 => 'switch',
  1 => 'account',
  2 => 'access',
  3 => 'recent_article_list',
  4 => 'tag_list',
  5 => 'article_list',
) ]
[ info ] [ LOG ] INIT File
[ sql ] [ DB ] CONNECT:[ UseTime:0.000380s ] mysql:dbname=gcan_sql;host=127.0.0.1;port=3306;charset=utf8
[ sql ] [ SQL ] SHOW COLUMNS FROM `gcan_article` [ RunTime:0.000723s ]
[ sql ] [ SQL ] SELECT * FROM `gcan_article` WHERE  `released` = '1' ORDER BY create_time desc LIMIT 4 [ RunTime:0.000442s ]
[ sql ] [ EXPLAIN : array (
  'id' => 1,
  'select_type' => 'SIMPLE',
  'table' => 'gcan_article',
  'partitions' => NULL,
  'type' => 'ALL',
  'possible_keys' => NULL,
  'key' => NULL,
  'key_len' => NULL,
  'ref' => NULL,
  'rows' => 34,
  'filtered' => 10,
  'extra' => 'Using where; Using filesort',
) ]
[ sql ] [ SQL ] SELECT `tag` FROM `gcan_article` [ RunTime:0.000255s ]
[ sql ] [ EXPLAIN : array (
  'id' => 1,
  'select_type' => 'SIMPLE',
  'table' => 'gcan_article',
  'partitions' => NULL,
  'type' => 'ALL',
  'possible_keys' => NULL,
  'key' => NULL,
  'key_len' => NULL,
  'ref' => NULL,
  'rows' => 34,
  'filtered' => 100,
  'extra' => NULL,
) ]
[ sql ] [ SQL ] SELECT COUNT(*) AS tp_count FROM `gcan_article` WHERE  `released` = '1' LIMIT 1 [ RunTime:0.000268s ]
[ sql ] [ EXPLAIN : array (
  'id' => 1,
  'select_type' => 'SIMPLE',
  'table' => 'gcan_article',
  'partitions' => NULL,
  'type' => 'ALL',
  'possible_keys' => NULL,
  'key' => NULL,
  'key_len' => NULL,
  'ref' => NULL,
  'rows' => 34,
  'filtered' => 10,
  'extra' => 'Using where',
) ]
[ sql ] [ SQL ] SELECT * FROM `gcan_article` WHERE  `released` = '1' ORDER BY create_time desc LIMIT 0,8 [ RunTime:0.000350s ]
[ sql ] [ EXPLAIN : array (
  'id' => 1,
  'select_type' => 'SIMPLE',
  'table' => 'gcan_article',
  'partitions' => NULL,
  'type' => 'ALL',
  'possible_keys' => NULL,
  'key' => NULL,
  'key_len' => NULL,
  'ref' => NULL,
  'rows' => 34,
  'filtered' => 10,
  'extra' => 'Using where; Using filesort',
) ]
[ warn ] SQL:SELECT * FROM `gcan_article` WHERE  `released` = :where_released ORDER BY create_time desc LIMIT 4  [Using where; Using filesort]
[ warn ] SQL:SELECT * FROM `gcan_article` WHERE  `released` = :where_released ORDER BY create_time desc LIMIT 0,8  [Using where; Using filesort]
---------------------------------------------------------------
[ 2017-09-17T13:18:48+08:00 ] 172.17.48.222 111.206.36.139 GET /
[ info ] www.gcan.top/ [运行时间：0.031145s][吞吐率：32.11req/s] [内存消耗：2,915.90kb] [文件加载：45]
[ info ] [ LANG ] /www/wwwroot/blog.gcan.top/thinkphp/lang/zh-cn.php
[ info ] [ ROUTE ] array (
  'type' => 'module',
  'module' => 
  array (
    0 => '',
    1 => NULL,
    2 => NULL,
  ),
)
[ info ] [ HEADER ] array (
  'user-agent' => 'Mozilla/5.0 (Macintosh; Intel Mac OS X 10_11_2) AppleWebKit/537.36 (KHTML, like Gecko) Chrome/47.0.2526.80 Safari/537.36',
  'host' => 'www.gcan.top',
  'connection' => 'close',
  'content-type' => '',
  'content-length' => '',
)
[ info ] [ PARAM ] array (
)
[ info ] [ RUN ] app\index\controller\Index->index[ /www/wwwroot/blog.gcan.top/application/index/controller/Index.php ]
[ info ] [ SESSION ] INIT array (
  'id' => '',
  'var_session_id' => '',
  'prefix' => 'think',
  'type' => '',
  'auto_start' => true,
)
[ info ] [ DB ] INIT mysql
[ info ] [ VIEW ] /www/wwwroot/blog.gcan.top/public/../application/index/view/index/index.html [ array (
  0 => 'switch',
  1 => 'account',
  2 => 'access',
  3 => 'recent_article_list',
  4 => 'tag_list',
  5 => 'article_list',
) ]
[ info ] [ LOG ] INIT File
[ sql ] [ DB ] CONNECT:[ UseTime:0.000414s ] mysql:dbname=gcan_sql;host=127.0.0.1;port=3306;charset=utf8
[ sql ] [ SQL ] SHOW COLUMNS FROM `gcan_article` [ RunTime:0.001419s ]
[ sql ] [ SQL ] SELECT * FROM `gcan_article` WHERE  `released` = '1' ORDER BY create_time desc LIMIT 4 [ RunTime:0.000391s ]
[ sql ] [ EXPLAIN : array (
  'id' => 1,
  'select_type' => 'SIMPLE',
  'table' => 'gcan_article',
  'partitions' => NULL,
  'type' => 'ALL',
  'possible_keys' => NULL,
  'key' => NULL,
  'key_len' => NULL,
  'ref' => NULL,
  'rows' => 34,
  'filtered' => 10,
  'extra' => 'Using where; Using filesort',
) ]
[ sql ] [ SQL ] SELECT `tag` FROM `gcan_article` [ RunTime:0.000289s ]
[ sql ] [ EXPLAIN : array (
  'id' => 1,
  'select_type' => 'SIMPLE',
  'table' => 'gcan_article',
  'partitions' => NULL,
  'type' => 'ALL',
  'possible_keys' => NULL,
  'key' => NULL,
  'key_len' => NULL,
  'ref' => NULL,
  'rows' => 34,
  'filtered' => 100,
  'extra' => NULL,
) ]
[ sql ] [ SQL ] SELECT COUNT(*) AS tp_count FROM `gcan_article` WHERE  `released` = '1' LIMIT 1 [ RunTime:0.000242s ]
[ sql ] [ EXPLAIN : array (
  'id' => 1,
  'select_type' => 'SIMPLE',
  'table' => 'gcan_article',
  'partitions' => NULL,
  'type' => 'ALL',
  'possible_keys' => NULL,
  'key' => NULL,
  'key_len' => NULL,
  'ref' => NULL,
  'rows' => 34,
  'filtered' => 10,
  'extra' => 'Using where',
) ]
[ sql ] [ SQL ] SELECT * FROM `gcan_article` WHERE  `released` = '1' ORDER BY create_time desc LIMIT 0,8 [ RunTime:0.000323s ]
[ sql ] [ EXPLAIN : array (
  'id' => 1,
  'select_type' => 'SIMPLE',
  'table' => 'gcan_article',
  'partitions' => NULL,
  'type' => 'ALL',
  'possible_keys' => NULL,
  'key' => NULL,
  'key_len' => NULL,
  'ref' => NULL,
  'rows' => 34,
  'filtered' => 10,
  'extra' => 'Using where; Using filesort',
) ]
[ warn ] SQL:SELECT * FROM `gcan_article` WHERE  `released` = :where_released ORDER BY create_time desc LIMIT 4  [Using where; Using filesort]
[ warn ] SQL:SELECT * FROM `gcan_article` WHERE  `released` = :where_released ORDER BY create_time desc LIMIT 0,8  [Using where; Using filesort]
---------------------------------------------------------------
[ 2017-09-17T13:25:26+08:00 ] 172.17.48.222 203.208.60.229 GET /index/index/baidu.html?page=6
[ info ] www.gcan.top/index/index/baidu.html?page=6 [运行时间：0.027740s][吞吐率：36.05req/s] [内存消耗：2,901.00kb] [文件加载：45]
[ info ] [ LANG ] /www/wwwroot/blog.gcan.top/thinkphp/lang/zh-cn.php
[ info ] [ ROUTE ] array (
  'type' => 'module',
  'module' => 
  array (
    0 => 'index',
    1 => 'index',
    2 => 'index',
  ),
)
[ info ] [ HEADER ] array (
  'host' => 'www.gcan.top',
  'connection' => 'Keep-alive',
  'accept' => 'text/html,application/xhtml+xml,application/xml;q=0.9,*/*;q=0.8',
  'from' => 'googlebot(at)googlebot.com',
  'user-agent' => 'Mozilla/5.0 (compatible; Googlebot/2.1; +http://www.google.com/bot.html)',
  'accept-encoding' => 'gzip,deflate,br',
  'content-type' => '',
  'content-length' => '',
)
[ info ] [ PARAM ] array (
  'page' => '6',
  'index' => 'baidu',
)
[ info ] [ RUN ] app\index\controller\Index->index[ /www/wwwroot/blog.gcan.top/application/index/controller/Index.php ]
[ info ] [ SESSION ] INIT array (
  'id' => '',
  'var_session_id' => '',
  'prefix' => 'think',
  'type' => '',
  'auto_start' => true,
)
[ info ] [ DB ] INIT mysql
[ info ] [ VIEW ] /www/wwwroot/blog.gcan.top/public/../application/index/view/index/index.html [ array (
  0 => 'switch',
  1 => 'account',
  2 => 'access',
  3 => 'recent_article_list',
  4 => 'tag_list',
  5 => 'article_list',
) ]
[ info ] [ LOG ] INIT File
[ sql ] [ DB ] CONNECT:[ UseTime:0.000411s ] mysql:dbname=gcan_sql;host=127.0.0.1;port=3306;charset=utf8
[ sql ] [ SQL ] SHOW COLUMNS FROM `gcan_article` [ RunTime:0.000678s ]
[ sql ] [ SQL ] SELECT * FROM `gcan_article` WHERE  `released` = '1' ORDER BY create_time desc LIMIT 4 [ RunTime:0.000404s ]
[ sql ] [ EXPLAIN : array (
  'id' => 1,
  'select_type' => 'SIMPLE',
  'table' => 'gcan_article',
  'partitions' => NULL,
  'type' => 'ALL',
  'possible_keys' => NULL,
  'key' => NULL,
  'key_len' => NULL,
  'ref' => NULL,
  'rows' => 34,
  'filtered' => 10,
  'extra' => 'Using where; Using filesort',
) ]
[ sql ] [ SQL ] SELECT `tag` FROM `gcan_article` [ RunTime:0.000228s ]
[ sql ] [ EXPLAIN : array (
  'id' => 1,
  'select_type' => 'SIMPLE',
  'table' => 'gcan_article',
  'partitions' => NULL,
  'type' => 'ALL',
  'possible_keys' => NULL,
  'key' => NULL,
  'key_len' => NULL,
  'ref' => NULL,
  'rows' => 34,
  'filtered' => 100,
  'extra' => NULL,
) ]
[ sql ] [ SQL ] SELECT COUNT(*) AS tp_count FROM `gcan_article` WHERE  `released` = '1' LIMIT 1 [ RunTime:0.000281s ]
[ sql ] [ EXPLAIN : array (
  'id' => 1,
  'select_type' => 'SIMPLE',
  'table' => 'gcan_article',
  'partitions' => NULL,
  'type' => 'ALL',
  'possible_keys' => NULL,
  'key' => NULL,
  'key_len' => NULL,
  'ref' => NULL,
  'rows' => 34,
  'filtered' => 10,
  'extra' => 'Using where',
) ]
[ sql ] [ SQL ] SELECT * FROM `gcan_article` WHERE  `released` = '1' ORDER BY create_time desc LIMIT 40,8 [ RunTime:0.000329s ]
[ sql ] [ EXPLAIN : array (
  'id' => 1,
  'select_type' => 'SIMPLE',
  'table' => 'gcan_article',
  'partitions' => NULL,
  'type' => 'ALL',
  'possible_keys' => NULL,
  'key' => NULL,
  'key_len' => NULL,
  'ref' => NULL,
  'rows' => 34,
  'filtered' => 10,
  'extra' => 'Using where; Using filesort',
) ]
[ warn ] SQL:SELECT * FROM `gcan_article` WHERE  `released` = :where_released ORDER BY create_time desc LIMIT 4  [Using where; Using filesort]
[ warn ] SQL:SELECT * FROM `gcan_article` WHERE  `released` = :where_released ORDER BY create_time desc LIMIT 40,8  [Using where; Using filesort]
---------------------------------------------------------------
[ 2017-09-17T13:45:47+08:00 ] 172.17.48.222 203.208.60.228 GET /table_datatables_colreorder.html
[ info ] www.gcan.top/table_datatables_colreorder.html [运行时间：0.025056s][吞吐率：39.91req/s] [内存消耗：1,819.16kb] [文件加载：37]
[ info ] [ LANG ] /www/wwwroot/blog.gcan.top/thinkphp/lang/zh-cn.php
[ info ] [ ROUTE ] array (
  'type' => 'module',
  'module' => 
  array (
    0 => 'index',
    1 => 'index',
    2 => 'table_datatables_colreorder',
  ),
)
[ info ] [ HEADER ] array (
  'host' => 'www.gcan.top',
  'connection' => 'Keep-alive',
  'accept' => 'text/html,application/xhtml+xml,application/xml;q=0.9,*/*;q=0.8',
  'from' => 'googlebot(at)googlebot.com',
  'user-agent' => 'Mozilla/5.0 (compatible; Googlebot/2.1; +http://www.google.com/bot.html)',
  'accept-encoding' => 'gzip,deflate,br',
  'content-type' => '',
  'content-length' => '',
)
[ info ] [ PARAM ] array (
)
[ info ] [ LOG ] INIT File
---------------------------------------------------------------
[ 2017-09-17T13:45:47+08:00 ] 172.17.48.222 203.208.60.228 GET /table_datatables_colreorder.html
[ info ] www.gcan.top/table_datatables_colreorder.html [运行时间：0.015316s][吞吐率：65.29req/s] [内存消耗：1,818.97kb] [文件加载：37]
[ info ] [ LANG ] /www/wwwroot/blog.gcan.top/thinkphp/lang/zh-cn.php
[ info ] [ ROUTE ] array (
  'type' => 'module',
  'module' => 
  array (
    0 => 'index',
    1 => 'index',
    2 => '404',
  ),
)
[ info ] [ HEADER ] array (
  'host' => 'www.gcan.top',
  'connection' => 'Keep-alive',
  'accept' => 'text/html,application/xhtml+xml,application/xml;q=0.9,*/*;q=0.8',
  'from' => 'googlebot(at)googlebot.com',
  'user-agent' => 'Mozilla/5.0 (compatible; Googlebot/2.1; +http://www.google.com/bot.html)',
  'accept-encoding' => 'gzip,deflate,br',
  'content-type' => '',
  'content-length' => '',
)
[ info ] [ PARAM ] array (
)
[ info ] [ LOG ] INIT File
---------------------------------------------------------------
[ 2017-09-17T14:24:02+08:00 ] 172.17.48.222 106.11.225.251 GET /
[ info ] www.gcan.top/ [运行时间：0.033049s][吞吐率：30.26req/s] [内存消耗：2,916.48kb] [文件加载：45]
[ info ] [ LANG ] /www/wwwroot/blog.gcan.top/thinkphp/lang/zh-cn.php
[ info ] [ ROUTE ] array (
  'type' => 'module',
  'module' => 
  array (
    0 => '',
    1 => NULL,
    2 => NULL,
  ),
)
[ info ] [ HEADER ] array (
  'accept-encoding' => 'gzip',
  'user-agent' => 'Mozilla/5.0 (iPad; CPU OS 9_1 like Mac OS X) AppleWebKit/601.1.46 (KHTML, like Gecko) Version/9.0 Mobile/13B143 Safari/601.1',
  'cache-control' => 'no-cache',
  'pragma' => 'no-cache',
  'host' => 'www.gcan.top',
  'accept' => 'text/html, image/gif, image/jpeg, *; q=.2, */*; q=.2',
  'connection' => 'keep-alive',
  'content-type' => '',
  'content-length' => '',
)
[ info ] [ PARAM ] array (
)
[ info ] [ RUN ] app\index\controller\Index->index[ /www/wwwroot/blog.gcan.top/application/index/controller/Index.php ]
[ info ] [ SESSION ] INIT array (
  'id' => '',
  'var_session_id' => '',
  'prefix' => 'think',
  'type' => '',
  'auto_start' => true,
)
[ info ] [ DB ] INIT mysql
[ info ] [ VIEW ] /www/wwwroot/blog.gcan.top/public/../application/index/view/index/index.html [ array (
  0 => 'switch',
  1 => 'account',
  2 => 'access',
  3 => 'recent_article_list',
  4 => 'tag_list',
  5 => 'article_list',
) ]
[ info ] [ LOG ] INIT File
[ sql ] [ DB ] CONNECT:[ UseTime:0.000442s ] mysql:dbname=gcan_sql;host=127.0.0.1;port=3306;charset=utf8
[ sql ] [ SQL ] SHOW COLUMNS FROM `gcan_article` [ RunTime:0.000724s ]
[ sql ] [ SQL ] SELECT * FROM `gcan_article` WHERE  `released` = '1' ORDER BY create_time desc LIMIT 4 [ RunTime:0.000442s ]
[ sql ] [ EXPLAIN : array (
  'id' => 1,
  'select_type' => 'SIMPLE',
  'table' => 'gcan_article',
  'partitions' => NULL,
  'type' => 'ALL',
  'possible_keys' => NULL,
  'key' => NULL,
  'key_len' => NULL,
  'ref' => NULL,
  'rows' => 34,
  'filtered' => 10,
  'extra' => 'Using where; Using filesort',
) ]
[ sql ] [ SQL ] SELECT `tag` FROM `gcan_article` [ RunTime:0.000242s ]
[ sql ] [ EXPLAIN : array (
  'id' => 1,
  'select_type' => 'SIMPLE',
  'table' => 'gcan_article',
  'partitions' => NULL,
  'type' => 'ALL',
  'possible_keys' => NULL,
  'key' => NULL,
  'key_len' => NULL,
  'ref' => NULL,
  'rows' => 34,
  'filtered' => 100,
  'extra' => NULL,
) ]
[ sql ] [ SQL ] SELECT COUNT(*) AS tp_count FROM `gcan_article` WHERE  `released` = '1' LIMIT 1 [ RunTime:0.000257s ]
[ sql ] [ EXPLAIN : array (
  'id' => 1,
  'select_type' => 'SIMPLE',
  'table' => 'gcan_article',
  'partitions' => NULL,
  'type' => 'ALL',
  'possible_keys' => NULL,
  'key' => NULL,
  'key_len' => NULL,
  'ref' => NULL,
  'rows' => 34,
  'filtered' => 10,
  'extra' => 'Using where',
) ]
[ sql ] [ SQL ] SELECT * FROM `gcan_article` WHERE  `released` = '1' ORDER BY create_time desc LIMIT 0,8 [ RunTime:0.000324s ]
[ sql ] [ EXPLAIN : array (
  'id' => 1,
  'select_type' => 'SIMPLE',
  'table' => 'gcan_article',
  'partitions' => NULL,
  'type' => 'ALL',
  'possible_keys' => NULL,
  'key' => NULL,
  'key_len' => NULL,
  'ref' => NULL,
  'rows' => 34,
  'filtered' => 10,
  'extra' => 'Using where; Using filesort',
) ]
[ warn ] SQL:SELECT * FROM `gcan_article` WHERE  `released` = :where_released ORDER BY create_time desc LIMIT 4  [Using where; Using filesort]
[ warn ] SQL:SELECT * FROM `gcan_article` WHERE  `released` = :where_released ORDER BY create_time desc LIMIT 0,8  [Using where; Using filesort]
---------------------------------------------------------------
[ 2017-09-17T14:41:12+08:00 ] 172.17.48.222 203.208.60.230 GET /index/index/baidu.html?page=3
[ info ] www.gcan.top/index/index/baidu.html?page=3 [运行时间：0.035519s][吞吐率：28.15req/s] [内存消耗：2,921.48kb] [文件加载：45]
[ info ] [ LANG ] /www/wwwroot/blog.gcan.top/thinkphp/lang/zh-cn.php
[ info ] [ ROUTE ] array (
  'type' => 'module',
  'module' => 
  array (
    0 => 'index',
    1 => 'index',
    2 => 'index',
  ),
)
[ info ] [ HEADER ] array (
  'host' => 'www.gcan.top',
  'connection' => 'Keep-alive',
  'accept' => 'text/html,application/xhtml+xml,application/xml;q=0.9,*/*;q=0.8',
  'from' => 'googlebot(at)googlebot.com',
  'user-agent' => 'Mozilla/5.0 (compatible; Googlebot/2.1; +http://www.google.com/bot.html)',
  'accept-encoding' => 'gzip,deflate,br',
  'content-type' => '',
  'content-length' => '',
)
[ info ] [ PARAM ] array (
  'page' => '3',
  'index' => 'baidu',
)
[ info ] [ RUN ] app\index\controller\Index->index[ /www/wwwroot/blog.gcan.top/application/index/controller/Index.php ]
[ info ] [ SESSION ] INIT array (
  'id' => '',
  'var_session_id' => '',
  'prefix' => 'think',
  'type' => '',
  'auto_start' => true,
)
[ info ] [ DB ] INIT mysql
[ info ] [ VIEW ] /www/wwwroot/blog.gcan.top/public/../application/index/view/index/index.html [ array (
  0 => 'switch',
  1 => 'account',
  2 => 'access',
  3 => 'recent_article_list',
  4 => 'tag_list',
  5 => 'article_list',
) ]
[ info ] [ LOG ] INIT File
[ sql ] [ DB ] CONNECT:[ UseTime:0.000384s ] mysql:dbname=gcan_sql;host=127.0.0.1;port=3306;charset=utf8
[ sql ] [ SQL ] SHOW COLUMNS FROM `gcan_article` [ RunTime:0.000700s ]
[ sql ] [ SQL ] SELECT * FROM `gcan_article` WHERE  `released` = '1' ORDER BY create_time desc LIMIT 4 [ RunTime:0.000396s ]
[ sql ] [ EXPLAIN : array (
  'id' => 1,
  'select_type' => 'SIMPLE',
  'table' => 'gcan_article',
  'partitions' => NULL,
  'type' => 'ALL',
  'possible_keys' => NULL,
  'key' => NULL,
  'key_len' => NULL,
  'ref' => NULL,
  'rows' => 34,
  'filtered' => 10,
  'extra' => 'Using where; Using filesort',
) ]
[ sql ] [ SQL ] SELECT `tag` FROM `gcan_article` [ RunTime:0.000212s ]
[ sql ] [ EXPLAIN : array (
  'id' => 1,
  'select_type' => 'SIMPLE',
  'table' => 'gcan_article',
  'partitions' => NULL,
  'type' => 'ALL',
  'possible_keys' => NULL,
  'key' => NULL,
  'key_len' => NULL,
  'ref' => NULL,
  'rows' => 34,
  'filtered' => 100,
  'extra' => NULL,
) ]
[ sql ] [ SQL ] SELECT COUNT(*) AS tp_count FROM `gcan_article` WHERE  `released` = '1' LIMIT 1 [ RunTime:0.000257s ]
[ sql ] [ EXPLAIN : array (
  'id' => 1,
  'select_type' => 'SIMPLE',
  'table' => 'gcan_article',
  'partitions' => NULL,
  'type' => 'ALL',
  'possible_keys' => NULL,
  'key' => NULL,
  'key_len' => NULL,
  'ref' => NULL,
  'rows' => 34,
  'filtered' => 10,
  'extra' => 'Using where',
) ]
[ sql ] [ SQL ] SELECT * FROM `gcan_article` WHERE  `released` = '1' ORDER BY create_time desc LIMIT 16,8 [ RunTime:0.000313s ]
[ sql ] [ EXPLAIN : array (
  'id' => 1,
  'select_type' => 'SIMPLE',
  'table' => 'gcan_article',
  'partitions' => NULL,
  'type' => 'ALL',
  'possible_keys' => NULL,
  'key' => NULL,
  'key_len' => NULL,
  'ref' => NULL,
  'rows' => 34,
  'filtered' => 10,
  'extra' => 'Using where; Using filesort',
) ]
[ warn ] SQL:SELECT * FROM `gcan_article` WHERE  `released` = :where_released ORDER BY create_time desc LIMIT 4  [Using where; Using filesort]
[ warn ] SQL:SELECT * FROM `gcan_article` WHERE  `released` = :where_released ORDER BY create_time desc LIMIT 16,8  [Using where; Using filesort]
---------------------------------------------------------------
[ 2017-09-17T15:56:59+08:00 ] 172.17.48.222 203.208.60.231 GET /index/index/baidu.html?page=2
[ info ] www.gcan.top/index/index/baidu.html?page=2 [运行时间：0.038543s][吞吐率：25.95req/s] [内存消耗：2,921.51kb] [文件加载：45]
[ info ] [ LANG ] /www/wwwroot/blog.gcan.top/thinkphp/lang/zh-cn.php
[ info ] [ ROUTE ] array (
  'type' => 'module',
  'module' => 
  array (
    0 => 'index',
    1 => 'index',
    2 => 'index',
  ),
)
[ info ] [ HEADER ] array (
  'host' => 'www.gcan.top',
  'connection' => 'Keep-alive',
  'accept' => 'text/html,application/xhtml+xml,application/xml;q=0.9,*/*;q=0.8',
  'from' => 'googlebot(at)googlebot.com',
  'user-agent' => 'Mozilla/5.0 (compatible; Googlebot/2.1; +http://www.google.com/bot.html)',
  'accept-encoding' => 'gzip,deflate,br',
  'content-type' => '',
  'content-length' => '',
)
[ info ] [ PARAM ] array (
  'page' => '2',
  'index' => 'baidu',
)
[ info ] [ RUN ] app\index\controller\Index->index[ /www/wwwroot/blog.gcan.top/application/index/controller/Index.php ]
[ info ] [ SESSION ] INIT array (
  'id' => '',
  'var_session_id' => '',
  'prefix' => 'think',
  'type' => '',
  'auto_start' => true,
)
[ info ] [ DB ] INIT mysql
[ info ] [ VIEW ] /www/wwwroot/blog.gcan.top/public/../application/index/view/index/index.html [ array (
  0 => 'switch',
  1 => 'account',
  2 => 'access',
  3 => 'recent_article_list',
  4 => 'tag_list',
  5 => 'article_list',
) ]
[ info ] [ LOG ] INIT File
[ sql ] [ DB ] CONNECT:[ UseTime:0.000400s ] mysql:dbname=gcan_sql;host=127.0.0.1;port=3306;charset=utf8
[ sql ] [ SQL ] SHOW COLUMNS FROM `gcan_article` [ RunTime:0.000675s ]
[ sql ] [ SQL ] SELECT * FROM `gcan_article` WHERE  `released` = '1' ORDER BY create_time desc LIMIT 4 [ RunTime:0.000390s ]
[ sql ] [ EXPLAIN : array (
  'id' => 1,
  'select_type' => 'SIMPLE',
  'table' => 'gcan_article',
  'partitions' => NULL,
  'type' => 'ALL',
  'possible_keys' => NULL,
  'key' => NULL,
  'key_len' => NULL,
  'ref' => NULL,
  'rows' => 34,
  'filtered' => 10,
  'extra' => 'Using where; Using filesort',
) ]
[ sql ] [ SQL ] SELECT `tag` FROM `gcan_article` [ RunTime:0.000212s ]
[ sql ] [ EXPLAIN : array (
  'id' => 1,
  'select_type' => 'SIMPLE',
  'table' => 'gcan_article',
  'partitions' => NULL,
  'type' => 'ALL',
  'possible_keys' => NULL,
  'key' => NULL,
  'key_len' => NULL,
  'ref' => NULL,
  'rows' => 34,
  'filtered' => 100,
  'extra' => NULL,
) ]
[ sql ] [ SQL ] SELECT COUNT(*) AS tp_count FROM `gcan_article` WHERE  `released` = '1' LIMIT 1 [ RunTime:0.000276s ]
[ sql ] [ EXPLAIN : array (
  'id' => 1,
  'select_type' => 'SIMPLE',
  'table' => 'gcan_article',
  'partitions' => NULL,
  'type' => 'ALL',
  'possible_keys' => NULL,
  'key' => NULL,
  'key_len' => NULL,
  'ref' => NULL,
  'rows' => 34,
  'filtered' => 10,
  'extra' => 'Using where',
) ]
[ sql ] [ SQL ] SELECT * FROM `gcan_article` WHERE  `released` = '1' ORDER BY create_time desc LIMIT 8,8 [ RunTime:0.000306s ]
[ sql ] [ EXPLAIN : array (
  'id' => 1,
  'select_type' => 'SIMPLE',
  'table' => 'gcan_article',
  'partitions' => NULL,
  'type' => 'ALL',
  'possible_keys' => NULL,
  'key' => NULL,
  'key_len' => NULL,
  'ref' => NULL,
  'rows' => 34,
  'filtered' => 10,
  'extra' => 'Using where; Using filesort',
) ]
[ warn ] SQL:SELECT * FROM `gcan_article` WHERE  `released` = :where_released ORDER BY create_time desc LIMIT 4  [Using where; Using filesort]
[ warn ] SQL:SELECT * FROM `gcan_article` WHERE  `released` = :where_released ORDER BY create_time desc LIMIT 8,8  [Using where; Using filesort]
---------------------------------------------------------------
[ 2017-09-17T16:09:48+08:00 ] 172.17.48.222 203.208.60.229 GET /table_datatables_ajax.html
[ info ] www.gcan.top/table_datatables_ajax.html [运行时间：0.024559s][吞吐率：40.72req/s] [内存消耗：1,819.41kb] [文件加载：37]
[ info ] [ LANG ] /www/wwwroot/blog.gcan.top/thinkphp/lang/zh-cn.php
[ info ] [ ROUTE ] array (
  'type' => 'module',
  'module' => 
  array (
    0 => 'index',
    1 => 'index',
    2 => 'table_datatables_ajax',
  ),
)
[ info ] [ HEADER ] array (
  'host' => 'www.gcan.top',
  'connection' => 'Keep-alive',
  'accept' => 'text/html,application/xhtml+xml,application/xml;q=0.9,*/*;q=0.8',
  'from' => 'googlebot(at)googlebot.com',
  'user-agent' => 'Mozilla/5.0 (compatible; Googlebot/2.1; +http://www.google.com/bot.html)',
  'accept-encoding' => 'gzip,deflate,br',
  'content-type' => '',
  'content-length' => '',
)
[ info ] [ PARAM ] array (
)
[ info ] [ LOG ] INIT File
---------------------------------------------------------------
[ 2017-09-17T16:09:48+08:00 ] 172.17.48.222 203.208.60.229 GET /table_datatables_ajax.html
[ info ] www.gcan.top/table_datatables_ajax.html [运行时间：0.014909s][吞吐率：67.07req/s] [内存消耗：1,819.16kb] [文件加载：37]
[ info ] [ LANG ] /www/wwwroot/blog.gcan.top/thinkphp/lang/zh-cn.php
[ info ] [ ROUTE ] array (
  'type' => 'module',
  'module' => 
  array (
    0 => 'index',
    1 => 'index',
    2 => '404',
  ),
)
[ info ] [ HEADER ] array (
  'host' => 'www.gcan.top',
  'connection' => 'Keep-alive',
  'accept' => 'text/html,application/xhtml+xml,application/xml;q=0.9,*/*;q=0.8',
  'from' => 'googlebot(at)googlebot.com',
  'user-agent' => 'Mozilla/5.0 (compatible; Googlebot/2.1; +http://www.google.com/bot.html)',
  'accept-encoding' => 'gzip,deflate,br',
  'content-type' => '',
  'content-length' => '',
)
[ info ] [ PARAM ] array (
)
[ info ] [ LOG ] INIT File
---------------------------------------------------------------
[ 2017-09-17T17:12:46+08:00 ] 172.17.48.222 203.208.60.231 GET /index/index/signin.html?page=1
[ info ] www.gcan.top/index/index/signin.html?page=1 [运行时间：0.033054s][吞吐率：30.25req/s] [内存消耗：2,921.33kb] [文件加载：45]
[ info ] [ LANG ] /www/wwwroot/blog.gcan.top/thinkphp/lang/zh-cn.php
[ info ] [ ROUTE ] array (
  'type' => 'module',
  'module' => 
  array (
    0 => 'index',
    1 => 'index',
    2 => 'index',
  ),
)
[ info ] [ HEADER ] array (
  'host' => 'www.gcan.top',
  'connection' => 'Keep-alive',
  'accept' => 'text/html,application/xhtml+xml,application/xml;q=0.9,*/*;q=0.8',
  'from' => 'googlebot(at)googlebot.com',
  'user-agent' => 'Mozilla/5.0 (compatible; Googlebot/2.1; +http://www.google.com/bot.html)',
  'accept-encoding' => 'gzip,deflate,br',
  'content-type' => '',
  'content-length' => '',
)
[ info ] [ PARAM ] array (
  'page' => '1',
  'index' => 'signin',
)
[ info ] [ RUN ] app\index\controller\Index->index[ /www/wwwroot/blog.gcan.top/application/index/controller/Index.php ]
[ info ] [ SESSION ] INIT array (
  'id' => '',
  'var_session_id' => '',
  'prefix' => 'think',
  'type' => '',
  'auto_start' => true,
)
[ info ] [ DB ] INIT mysql
[ info ] [ VIEW ] /www/wwwroot/blog.gcan.top/public/../application/index/view/index/index.html [ array (
  0 => 'switch',
  1 => 'account',
  2 => 'access',
  3 => 'recent_article_list',
  4 => 'tag_list',
  5 => 'article_list',
) ]
[ info ] [ LOG ] INIT File
[ sql ] [ DB ] CONNECT:[ UseTime:0.000430s ] mysql:dbname=gcan_sql;host=127.0.0.1;port=3306;charset=utf8
[ sql ] [ SQL ] SHOW COLUMNS FROM `gcan_article` [ RunTime:0.000695s ]
[ sql ] [ SQL ] SELECT * FROM `gcan_article` WHERE  `released` = '1' ORDER BY create_time desc LIMIT 4 [ RunTime:0.000413s ]
[ sql ] [ EXPLAIN : array (
  'id' => 1,
  'select_type' => 'SIMPLE',
  'table' => 'gcan_article',
  'partitions' => NULL,
  'type' => 'ALL',
  'possible_keys' => NULL,
  'key' => NULL,
  'key_len' => NULL,
  'ref' => NULL,
  'rows' => 34,
  'filtered' => 10,
  'extra' => 'Using where; Using filesort',
) ]
[ sql ] [ SQL ] SELECT `tag` FROM `gcan_article` [ RunTime:0.000241s ]
[ sql ] [ EXPLAIN : array (
  'id' => 1,
  'select_type' => 'SIMPLE',
  'table' => 'gcan_article',
  'partitions' => NULL,
  'type' => 'ALL',
  'possible_keys' => NULL,
  'key' => NULL,
  'key_len' => NULL,
  'ref' => NULL,
  'rows' => 34,
  'filtered' => 100,
  'extra' => NULL,
) ]
[ sql ] [ SQL ] SELECT COUNT(*) AS tp_count FROM `gcan_article` WHERE  `released` = '1' LIMIT 1 [ RunTime:0.000254s ]
[ sql ] [ EXPLAIN : array (
  'id' => 1,
  'select_type' => 'SIMPLE',
  'table' => 'gcan_article',
  'partitions' => NULL,
  'type' => 'ALL',
  'possible_keys' => NULL,
  'key' => NULL,
  'key_len' => NULL,
  'ref' => NULL,
  'rows' => 34,
  'filtered' => 10,
  'extra' => 'Using where',
) ]
[ sql ] [ SQL ] SELECT * FROM `gcan_article` WHERE  `released` = '1' ORDER BY create_time desc LIMIT 0,8 [ RunTime:0.000322s ]
[ sql ] [ EXPLAIN : array (
  'id' => 1,
  'select_type' => 'SIMPLE',
  'table' => 'gcan_article',
  'partitions' => NULL,
  'type' => 'ALL',
  'possible_keys' => NULL,
  'key' => NULL,
  'key_len' => NULL,
  'ref' => NULL,
  'rows' => 34,
  'filtered' => 10,
  'extra' => 'Using where; Using filesort',
) ]
[ warn ] SQL:SELECT * FROM `gcan_article` WHERE  `released` = :where_released ORDER BY create_time desc LIMIT 4  [Using where; Using filesort]
[ warn ] SQL:SELECT * FROM `gcan_article` WHERE  `released` = :where_released ORDER BY create_time desc LIMIT 0,8  [Using where; Using filesort]
---------------------------------------------------------------
[ 2017-09-17T17:22:29+08:00 ] 172.17.48.222 182.47.13.250 GET /
[ info ] www.gcan.top/ [运行时间：0.031825s][吞吐率：31.42req/s] [内存消耗：2,915.76kb] [文件加载：45]
[ info ] [ LANG ] /www/wwwroot/blog.gcan.top/thinkphp/lang/zh-cn.php
[ info ] [ ROUTE ] array (
  'type' => 'module',
  'module' => 
  array (
    0 => '',
    1 => NULL,
    2 => NULL,
  ),
)
[ info ] [ HEADER ] array (
  'host' => 'www.gcan.top',
  'accept' => 'text/html, */*',
  'accept-encoding' => 'identity',
  'user-agent' => 'Mozilla/4.0 (compatible; MSIE 8.0; Windows NT 6.0)',
  'content-type' => '',
  'content-length' => '',
)
[ info ] [ PARAM ] array (
)
[ info ] [ RUN ] app\index\controller\Index->index[ /www/wwwroot/blog.gcan.top/application/index/controller/Index.php ]
[ info ] [ SESSION ] INIT array (
  'id' => '',
  'var_session_id' => '',
  'prefix' => 'think',
  'type' => '',
  'auto_start' => true,
)
[ info ] [ DB ] INIT mysql
[ info ] [ VIEW ] /www/wwwroot/blog.gcan.top/public/../application/index/view/index/index.html [ array (
  0 => 'switch',
  1 => 'account',
  2 => 'access',
  3 => 'recent_article_list',
  4 => 'tag_list',
  5 => 'article_list',
) ]
[ info ] [ LOG ] INIT File
[ sql ] [ DB ] CONNECT:[ UseTime:0.000428s ] mysql:dbname=gcan_sql;host=127.0.0.1;port=3306;charset=utf8
[ sql ] [ SQL ] SHOW COLUMNS FROM `gcan_article` [ RunTime:0.000698s ]
[ sql ] [ SQL ] SELECT * FROM `gcan_article` WHERE  `released` = '1' ORDER BY create_time desc LIMIT 4 [ RunTime:0.000411s ]
[ sql ] [ EXPLAIN : array (
  'id' => 1,
  'select_type' => 'SIMPLE',
  'table' => 'gcan_article',
  'partitions' => NULL,
  'type' => 'ALL',
  'possible_keys' => NULL,
  'key' => NULL,
  'key_len' => NULL,
  'ref' => NULL,
  'rows' => 34,
  'filtered' => 10,
  'extra' => 'Using where; Using filesort',
) ]
[ sql ] [ SQL ] SELECT `tag` FROM `gcan_article` [ RunTime:0.000238s ]
[ sql ] [ EXPLAIN : array (
  'id' => 1,
  'select_type' => 'SIMPLE',
  'table' => 'gcan_article',
  'partitions' => NULL,
  'type' => 'ALL',
  'possible_keys' => NULL,
  'key' => NULL,
  'key_len' => NULL,
  'ref' => NULL,
  'rows' => 34,
  'filtered' => 100,
  'extra' => NULL,
) ]
[ sql ] [ SQL ] SELECT COUNT(*) AS tp_count FROM `gcan_article` WHERE  `released` = '1' LIMIT 1 [ RunTime:0.000281s ]
[ sql ] [ EXPLAIN : array (
  'id' => 1,
  'select_type' => 'SIMPLE',
  'table' => 'gcan_article',
  'partitions' => NULL,
  'type' => 'ALL',
  'possible_keys' => NULL,
  'key' => NULL,
  'key_len' => NULL,
  'ref' => NULL,
  'rows' => 34,
  'filtered' => 10,
  'extra' => 'Using where',
) ]
[ sql ] [ SQL ] SELECT * FROM `gcan_article` WHERE  `released` = '1' ORDER BY create_time desc LIMIT 0,8 [ RunTime:0.000324s ]
[ sql ] [ EXPLAIN : array (
  'id' => 1,
  'select_type' => 'SIMPLE',
  'table' => 'gcan_article',
  'partitions' => NULL,
  'type' => 'ALL',
  'possible_keys' => NULL,
  'key' => NULL,
  'key_len' => NULL,
  'ref' => NULL,
  'rows' => 34,
  'filtered' => 10,
  'extra' => 'Using where; Using filesort',
) ]
[ warn ] SQL:SELECT * FROM `gcan_article` WHERE  `released` = :where_released ORDER BY create_time desc LIMIT 4  [Using where; Using filesort]
[ warn ] SQL:SELECT * FROM `gcan_article` WHERE  `released` = :where_released ORDER BY create_time desc LIMIT 0,8  [Using where; Using filesort]
---------------------------------------------------------------
[ 2017-09-17T18:34:16+08:00 ] 172.17.48.222 203.208.60.228 GET /table_datatables_fixedheader.html
[ info ] www.gcan.top/table_datatables_fixedheader.html [运行时间：0.025165s][吞吐率：39.74req/s] [内存消耗：1,819.17kb] [文件加载：37]
[ info ] [ LANG ] /www/wwwroot/blog.gcan.top/thinkphp/lang/zh-cn.php
[ info ] [ ROUTE ] array (
  'type' => 'module',
  'module' => 
  array (
    0 => 'index',
    1 => 'index',
    2 => 'table_datatables_fixedheader',
  ),
)
[ info ] [ HEADER ] array (
  'host' => 'www.gcan.top',
  'connection' => 'Keep-alive',
  'accept' => 'text/html,application/xhtml+xml,application/xml;q=0.9,*/*;q=0.8',
  'from' => 'googlebot(at)googlebot.com',
  'user-agent' => 'Mozilla/5.0 (compatible; Googlebot/2.1; +http://www.google.com/bot.html)',
  'accept-encoding' => 'gzip,deflate,br',
  'content-type' => '',
  'content-length' => '',
)
[ info ] [ PARAM ] array (
)
[ info ] [ LOG ] INIT File
---------------------------------------------------------------
[ 2017-09-17T18:34:16+08:00 ] 172.17.48.222 203.208.60.228 GET /table_datatables_fixedheader.html
[ info ] www.gcan.top/table_datatables_fixedheader.html [运行时间：0.015549s][吞吐率：64.31req/s] [内存消耗：1,818.97kb] [文件加载：37]
[ info ] [ LANG ] /www/wwwroot/blog.gcan.top/thinkphp/lang/zh-cn.php
[ info ] [ ROUTE ] array (
  'type' => 'module',
  'module' => 
  array (
    0 => 'index',
    1 => 'index',
    2 => '404',
  ),
)
[ info ] [ HEADER ] array (
  'host' => 'www.gcan.top',
  'connection' => 'Keep-alive',
  'accept' => 'text/html,application/xhtml+xml,application/xml;q=0.9,*/*;q=0.8',
  'from' => 'googlebot(at)googlebot.com',
  'user-agent' => 'Mozilla/5.0 (compatible; Googlebot/2.1; +http://www.google.com/bot.html)',
  'accept-encoding' => 'gzip,deflate,br',
  'content-type' => '',
  'content-length' => '',
)
[ info ] [ PARAM ] array (
)
[ info ] [ LOG ] INIT File
---------------------------------------------------------------
[ 2017-09-17T20:57:48+08:00 ] 172.17.48.222 203.208.60.231 GET /ui_idle_timeout.html
[ info ] www.gcan.top/ui_idle_timeout.html [运行时间：0.024973s][吞吐率：40.04req/s] [内存消耗：1,819.36kb] [文件加载：37]
[ info ] [ LANG ] /www/wwwroot/blog.gcan.top/thinkphp/lang/zh-cn.php
[ info ] [ ROUTE ] array (
  'type' => 'module',
  'module' => 
  array (
    0 => 'index',
    1 => 'index',
    2 => 'ui_idle_timeout',
  ),
)
[ info ] [ HEADER ] array (
  'host' => 'www.gcan.top',
  'connection' => 'Keep-alive',
  'accept' => 'text/html,application/xhtml+xml,application/xml;q=0.9,*/*;q=0.8',
  'from' => 'googlebot(at)googlebot.com',
  'user-agent' => 'Mozilla/5.0 (compatible; Googlebot/2.1; +http://www.google.com/bot.html)',
  'accept-encoding' => 'gzip,deflate,br',
  'content-type' => '',
  'content-length' => '',
)
[ info ] [ PARAM ] array (
)
[ info ] [ LOG ] INIT File
---------------------------------------------------------------
[ 2017-09-17T20:57:48+08:00 ] 172.17.48.222 203.208.60.231 GET /ui_idle_timeout.html
[ info ] www.gcan.top/ui_idle_timeout.html [运行时间：0.014923s][吞吐率：67.01req/s] [内存消耗：1,819.02kb] [文件加载：37]
[ info ] [ LANG ] /www/wwwroot/blog.gcan.top/thinkphp/lang/zh-cn.php
[ info ] [ ROUTE ] array (
  'type' => 'module',
  'module' => 
  array (
    0 => 'index',
    1 => 'index',
    2 => '404',
  ),
)
[ info ] [ HEADER ] array (
  'host' => 'www.gcan.top',
  'connection' => 'Keep-alive',
  'accept' => 'text/html,application/xhtml+xml,application/xml;q=0.9,*/*;q=0.8',
  'from' => 'googlebot(at)googlebot.com',
  'user-agent' => 'Mozilla/5.0 (compatible; Googlebot/2.1; +http://www.google.com/bot.html)',
  'accept-encoding' => 'gzip,deflate,br',
  'content-type' => '',
  'content-length' => '',
)
[ info ] [ PARAM ] array (
)
[ info ] [ LOG ] INIT File
---------------------------------------------------------------
[ 2017-09-17T23:21:47+08:00 ] 172.17.48.222 203.208.60.231 GET /?page=9
[ info ] www.gcan.top/?page=9 [运行时间：0.027822s][吞吐率：35.94req/s] [内存消耗：2,896.65kb] [文件加载：45]
[ info ] [ LANG ] /www/wwwroot/blog.gcan.top/thinkphp/lang/zh-cn.php
[ info ] [ ROUTE ] array (
  'type' => 'module',
  'module' => 
  array (
    0 => '',
    1 => NULL,
    2 => NULL,
  ),
)
[ info ] [ HEADER ] array (
  'host' => 'www.gcan.top',
  'connection' => 'Keep-alive',
  'accept' => 'text/html,application/xhtml+xml,application/xml;q=0.9,*/*;q=0.8',
  'from' => 'googlebot(at)googlebot.com',
  'user-agent' => 'Mozilla/5.0 (compatible; Googlebot/2.1; +http://www.google.com/bot.html)',
  'accept-encoding' => 'gzip,deflate,br',
  'content-type' => '',
  'content-length' => '',
)
[ info ] [ PARAM ] array (
  'page' => '9',
)
[ info ] [ RUN ] app\index\controller\Index->index[ /www/wwwroot/blog.gcan.top/application/index/controller/Index.php ]
[ info ] [ SESSION ] INIT array (
  'id' => '',
  'var_session_id' => '',
  'prefix' => 'think',
  'type' => '',
  'auto_start' => true,
)
[ info ] [ DB ] INIT mysql
[ info ] [ VIEW ] /www/wwwroot/blog.gcan.top/public/../application/index/view/index/index.html [ array (
  0 => 'switch',
  1 => 'account',
  2 => 'access',
  3 => 'recent_article_list',
  4 => 'tag_list',
  5 => 'article_list',
) ]
[ info ] [ LOG ] INIT File
[ sql ] [ DB ] CONNECT:[ UseTime:0.000390s ] mysql:dbname=gcan_sql;host=127.0.0.1;port=3306;charset=utf8
[ sql ] [ SQL ] SHOW COLUMNS FROM `gcan_article` [ RunTime:0.000697s ]
[ sql ] [ SQL ] SELECT * FROM `gcan_article` WHERE  `released` = '1' ORDER BY create_time desc LIMIT 4 [ RunTime:0.000426s ]
[ sql ] [ EXPLAIN : array (
  'id' => 1,
  'select_type' => 'SIMPLE',
  'table' => 'gcan_article',
  'partitions' => NULL,
  'type' => 'ALL',
  'possible_keys' => NULL,
  'key' => NULL,
  'key_len' => NULL,
  'ref' => NULL,
  'rows' => 34,
  'filtered' => 10,
  'extra' => 'Using where; Using filesort',
) ]
[ sql ] [ SQL ] SELECT `tag` FROM `gcan_article` [ RunTime:0.000223s ]
[ sql ] [ EXPLAIN : array (
  'id' => 1,
  'select_type' => 'SIMPLE',
  'table' => 'gcan_article',
  'partitions' => NULL,
  'type' => 'ALL',
  'possible_keys' => NULL,
  'key' => NULL,
  'key_len' => NULL,
  'ref' => NULL,
  'rows' => 34,
  'filtered' => 100,
  'extra' => NULL,
) ]
[ sql ] [ SQL ] SELECT COUNT(*) AS tp_count FROM `gcan_article` WHERE  `released` = '1' LIMIT 1 [ RunTime:0.000259s ]
[ sql ] [ EXPLAIN : array (
  'id' => 1,
  'select_type' => 'SIMPLE',
  'table' => 'gcan_article',
  'partitions' => NULL,
  'type' => 'ALL',
  'possible_keys' => NULL,
  'key' => NULL,
  'key_len' => NULL,
  'ref' => NULL,
  'rows' => 34,
  'filtered' => 10,
  'extra' => 'Using where',
) ]
[ sql ] [ SQL ] SELECT * FROM `gcan_article` WHERE  `released` = '1' ORDER BY create_time desc LIMIT 64,8 [ RunTime:0.000353s ]
[ sql ] [ EXPLAIN : array (
  'id' => 1,
  'select_type' => 'SIMPLE',
  'table' => 'gcan_article',
  'partitions' => NULL,
  'type' => 'ALL',
  'possible_keys' => NULL,
  'key' => NULL,
  'key_len' => NULL,
  'ref' => NULL,
  'rows' => 34,
  'filtered' => 10,
  'extra' => 'Using where; Using filesort',
) ]
[ warn ] SQL:SELECT * FROM `gcan_article` WHERE  `released` = :where_released ORDER BY create_time desc LIMIT 4  [Using where; Using filesort]
[ warn ] SQL:SELECT * FROM `gcan_article` WHERE  `released` = :where_released ORDER BY create_time desc LIMIT 64,8  [Using where; Using filesort]
